{"/home/travis/build/npmtest/node-npmtest-bytewise/test.js":{"path":"/home/travis/build/npmtest/node-npmtest-bytewise/test.js","s":{"1":2,"2":2,"3":2,"4":2,"5":2,"6":2,"7":2,"8":1,"9":2,"10":2,"11":1,"12":1,"13":1,"14":1,"15":2,"16":2,"17":2,"18":2,"19":1,"20":1,"21":2,"22":2,"23":2,"24":1,"25":1,"26":1,"27":1,"28":1,"29":1,"30":1,"31":1,"32":1,"33":1,"34":1,"35":1,"36":1,"37":1,"38":1,"39":2,"40":2,"41":1,"42":2,"43":2,"44":1,"45":2,"46":2,"47":1,"48":2,"49":2,"50":1,"51":1,"52":1,"53":1,"54":1},"b":{"1":[2,1,1,1],"2":[1,1,1,1],"3":[1,1],"4":[1,1],"5":[1,1],"6":[1,1],"7":[1,1],"8":[1,1],"9":[1,1],"10":[1,1,1],"11":[1,1],"12":[1,1],"13":[1,1],"14":[1,1],"15":[1,1],"16":[1,1],"17":[1,1]},"f":{"1":2,"2":2,"3":2,"4":2,"5":2,"6":1,"7":1,"8":1,"9":2,"10":2,"11":2,"12":2,"13":1},"fnMap":{"1":{"name":"(anonymous_1)","line":12,"loc":{"start":{"line":12,"column":1},"end":{"line":12,"column":13}}},"2":{"name":"(anonymous_2)","line":19,"loc":{"start":{"line":19,"column":5},"end":{"line":19,"column":17}}},"3":{"name":"(anonymous_3)","line":23,"loc":{"start":{"line":23,"column":24},"end":{"line":23,"column":36}}},"4":{"name":"(anonymous_4)","line":61,"loc":{"start":{"line":61,"column":5},"end":{"line":61,"column":17}}},"5":{"name":"(anonymous_5)","line":82,"loc":{"start":{"line":82,"column":5},"end":{"line":82,"column":17}}},"6":{"name":"(anonymous_6)","line":91,"loc":{"start":{"line":91,"column":77},"end":{"line":94,"column":10}}},"7":{"name":"(anonymous_7)","line":112,"loc":{"start":{"line":112,"column":83},"end":{"line":115,"column":10}},"skip":true},"8":{"name":"(anonymous_8)","line":123,"loc":{"start":{"line":123,"column":77},"end":{"line":126,"column":10}},"skip":true},"9":{"name":"(anonymous_9)","line":139,"loc":{"start":{"line":139,"column":12},"end":{"line":139,"column":40}},"skip":true},"10":{"name":"(anonymous_10)","line":147,"loc":{"start":{"line":147,"column":77},"end":{"line":150,"column":10}},"skip":true},"11":{"name":"(anonymous_11)","line":158,"loc":{"start":{"line":158,"column":83},"end":{"line":161,"column":10}},"skip":true},"12":{"name":"(anonymous_12)","line":169,"loc":{"start":{"line":169,"column":79},"end":{"line":172,"column":10}},"skip":true},"13":{"name":"(anonymous_13)","line":180,"loc":{"start":{"line":180,"column":75},"end":{"line":183,"column":10}},"skip":true}},"statementMap":{"1":{"start":{"line":12,"column":0},"end":{"line":195,"column":5}},"2":{"start":{"line":14,"column":4},"end":{"line":14,"column":14}},"3":{"start":{"line":19,"column":4},"end":{"line":56,"column":9}},"4":{"start":{"line":21,"column":8},"end":{"line":21,"column":19}},"5":{"start":{"line":23,"column":8},"end":{"line":35,"column":13}},"6":{"start":{"line":24,"column":12},"end":{"line":34,"column":13}},"7":{"start":{"line":25,"column":16},"end":{"line":28,"column":30}},"8":{"start":{"line":30,"column":16},"end":{"line":33,"column":27}},"9":{"start":{"line":37,"column":8},"end":{"line":39,"column":21}},"10":{"start":{"line":40,"column":8},"end":{"line":53,"column":9}},"11":{"start":{"line":43,"column":12},"end":{"line":46,"column":14}},"12":{"start":{"line":47,"column":12},"end":{"line":47,"column":18}},"13":{"start":{"line":50,"column":12},"end":{"line":51,"column":33}},"14":{"start":{"line":52,"column":12},"end":{"line":52,"column":18}},"15":{"start":{"line":55,"column":8},"end":{"line":55,"column":35}},"16":{"start":{"line":61,"column":4},"end":{"line":63,"column":9}},"17":{"start":{"line":62,"column":8},"end":{"line":62,"column":15}},"18":{"start":{"line":64,"column":4},"end":{"line":77,"column":5}},"19":{"start":{"line":70,"column":8},"end":{"line":70,"column":14}},"20":{"start":{"line":76,"column":8},"end":{"line":76,"column":14}},"21":{"start":{"line":82,"column":4},"end":{"line":84,"column":9}},"22":{"start":{"line":83,"column":8},"end":{"line":83,"column":15}},"23":{"start":{"line":85,"column":4},"end":{"line":194,"column":5}},"24":{"start":{"line":91,"column":8},"end":{"line":99,"column":10}},"25":{"start":{"line":98,"column":12},"end":{"line":98,"column":35}},"26":{"start":{"line":102,"column":8},"end":{"line":104,"column":63}},"27":{"start":{"line":105,"column":8},"end":{"line":105,"column":14}},"28":{"start":{"line":112,"column":8},"end":{"line":121,"column":10},"skip":true},"29":{"start":{"line":119,"column":12},"end":{"line":119,"column":55},"skip":true},"30":{"start":{"line":120,"column":12},"end":{"line":120,"column":48},"skip":true},"31":{"start":{"line":123,"column":8},"end":{"line":136,"column":10},"skip":true},"32":{"start":{"line":130,"column":12},"end":{"line":130,"column":76},"skip":true},"33":{"start":{"line":131,"column":12},"end":{"line":131,"column":73},"skip":true},"34":{"start":{"line":132,"column":12},"end":{"line":132,"column":74},"skip":true},"35":{"start":{"line":133,"column":12},"end":{"line":133,"column":79},"skip":true},"36":{"start":{"line":134,"column":12},"end":{"line":134,"column":25},"skip":true},"37":{"start":{"line":135,"column":12},"end":{"line":135,"column":45},"skip":true},"38":{"start":{"line":138,"column":8},"end":{"line":145,"column":14},"skip":true},"39":{"start":{"line":143,"column":16},"end":{"line":143,"column":29},"skip":true},"40":{"start":{"line":144,"column":16},"end":{"line":144,"column":55},"skip":true},"41":{"start":{"line":147,"column":8},"end":{"line":156,"column":10},"skip":true},"42":{"start":{"line":154,"column":12},"end":{"line":154,"column":25},"skip":true},"43":{"start":{"line":155,"column":12},"end":{"line":155,"column":45},"skip":true},"44":{"start":{"line":158,"column":8},"end":{"line":167,"column":10},"skip":true},"45":{"start":{"line":165,"column":12},"end":{"line":165,"column":25},"skip":true},"46":{"start":{"line":166,"column":12},"end":{"line":166,"column":48},"skip":true},"47":{"start":{"line":169,"column":8},"end":{"line":178,"column":10},"skip":true},"48":{"start":{"line":176,"column":12},"end":{"line":176,"column":25},"skip":true},"49":{"start":{"line":177,"column":12},"end":{"line":177,"column":46},"skip":true},"50":{"start":{"line":180,"column":8},"end":{"line":189,"column":10},"skip":true},"51":{"start":{"line":187,"column":12},"end":{"line":187,"column":94},"skip":true},"52":{"start":{"line":188,"column":12},"end":{"line":188,"column":48},"skip":true},"53":{"start":{"line":192,"column":8},"end":{"line":192,"column":35},"skip":true},"54":{"start":{"line":193,"column":8},"end":{"line":193,"column":14},"skip":true}},"branchMap":{"1":{"line":25,"type":"binary-expr","locations":[{"start":{"line":25,"column":23},"end":{"line":25,"column":62}},{"start":{"line":26,"column":20},"end":{"line":26,"column":70}},{"start":{"line":27,"column":20},"end":{"line":27,"column":71}},{"start":{"line":28,"column":20},"end":{"line":28,"column":29}}]},"2":{"line":30,"type":"binary-expr","locations":[{"start":{"line":30,"column":23},"end":{"line":30,"column":37}},{"start":{"line":31,"column":20},"end":{"line":31,"column":61}},{"start":{"line":32,"column":20},"end":{"line":32,"column":70}},{"start":{"line":33,"column":20},"end":{"line":33,"column":26}}]},"3":{"line":37,"type":"cond-expr","locations":[{"start":{"line":38,"column":14},"end":{"line":38,"column":20}},{"start":{"line":39,"column":14},"end":{"line":39,"column":20}}]},"4":{"line":40,"type":"switch","locations":[{"start":{"line":42,"column":8},"end":{"line":47,"column":18}},{"start":{"line":49,"column":8},"end":{"line":52,"column":18}}]},"5":{"line":44,"type":"binary-expr","locations":[{"start":{"line":44,"column":16},"end":{"line":44,"column":44}},{"start":{"line":44,"column":48},"end":{"line":44,"column":66}}]},"6":{"line":50,"type":"binary-expr","locations":[{"start":{"line":50,"column":21},"end":{"line":50,"column":49}},{"start":{"line":50,"column":53},"end":{"line":50,"column":72}}]},"7":{"line":64,"type":"switch","locations":[{"start":{"line":69,"column":4},"end":{"line":70,"column":14}},{"start":{"line":75,"column":4},"end":{"line":76,"column":14}}]},"8":{"line":85,"type":"switch","locations":[{"start":{"line":90,"column":4},"end":{"line":105,"column":14}},{"start":{"line":111,"column":4},"end":{"line":193,"column":14},"skip":true}]},"9":{"line":91,"type":"binary-expr","locations":[{"start":{"line":91,"column":42},"end":{"line":91,"column":73}},{"start":{"line":91,"column":77},"end":{"line":99,"column":9}}]},"10":{"line":102,"type":"binary-expr","locations":[{"start":{"line":102,"column":18},"end":{"line":102,"column":32}},{"start":{"line":103,"column":12},"end":{"line":103,"column":53}},{"start":{"line":104,"column":12},"end":{"line":104,"column":61}}]},"11":{"line":112,"type":"binary-expr","locations":[{"start":{"line":112,"column":45},"end":{"line":112,"column":79},"skip":true},{"start":{"line":112,"column":83},"end":{"line":121,"column":9},"skip":true}]},"12":{"line":123,"type":"binary-expr","locations":[{"start":{"line":123,"column":42},"end":{"line":123,"column":73},"skip":true},{"start":{"line":123,"column":77},"end":{"line":136,"column":9},"skip":true}]},"13":{"line":138,"type":"binary-expr","locations":[{"start":{"line":138,"column":48},"end":{"line":138,"column":85},"skip":true},{"start":{"line":139,"column":12},"end":{"line":145,"column":13},"skip":true}]},"14":{"line":147,"type":"binary-expr","locations":[{"start":{"line":147,"column":42},"end":{"line":147,"column":73},"skip":true},{"start":{"line":147,"column":77},"end":{"line":156,"column":9},"skip":true}]},"15":{"line":158,"type":"binary-expr","locations":[{"start":{"line":158,"column":45},"end":{"line":158,"column":79},"skip":true},{"start":{"line":158,"column":83},"end":{"line":167,"column":9},"skip":true}]},"16":{"line":169,"type":"binary-expr","locations":[{"start":{"line":169,"column":43},"end":{"line":169,"column":75},"skip":true},{"start":{"line":169,"column":79},"end":{"line":178,"column":9},"skip":true}]},"17":{"line":180,"type":"binary-expr","locations":[{"start":{"line":180,"column":41},"end":{"line":180,"column":71},"skip":true},{"start":{"line":180,"column":75},"end":{"line":189,"column":9},"skip":true}]}},"code":["/* istanbul instrument in package npmtest_bytewise */","/*jslint","    bitwise: true,","    browser: true,","    maxerr: 8,","    maxlen: 96,","    node: true,","    nomen: true,","    regexp: true,","    stupid: true","*/","(function () {","    'use strict';","    var local;","","","","    // run shared js-env code - init-before","    (function () {","        // init local","        local = {};","        // init modeJs","        local.modeJs = (function () {","            try {","                return typeof navigator.userAgent === 'string' &&","                    typeof document.querySelector('body') === 'object' &&","                    typeof XMLHttpRequest.prototype.open === 'function' &&","                    'browser';","            } catch (errorCaughtBrowser) {","                return module.exports &&","                    typeof process.versions.node === 'string' &&","                    typeof require('http').createServer === 'function' &&","                    'node';","            }","        }());","        // init global","        local.global = local.modeJs === 'browser'","            ? window","            : global;","        switch (local.modeJs) {","        // re-init local from window.local","        case 'browser':","            local = local.global.utility2.objectSetDefault(","                local.global.utility2_rollup || local.global.local,","                local.global.utility2","            );","            break;","        // re-init local from example.js","        case 'node':","            local = (local.global.utility2_rollup || require('utility2'))","                .requireReadme();","            break;","        }","        // export local","        local.global.local = local;","    }());","","","","    // run shared js-env code - function","    (function () {","        return;","    }());","    switch (local.modeJs) {","","","","    // run browser js-env code - function","    case 'browser':","        break;","","","","    // run node js-env code - function","    case 'node':","        break;","    }","","","","    // run shared js-env code - init-after","    (function () {","        return;","    }());","    switch (local.modeJs) {","","","","    // run browser js-env code - init-after","    case 'browser':","        local.testCase_browser_nullCase = local.testCase_browser_nullCase || function (","            options,","            onError","        ) {","        /*","         * this function will test browsers's null-case handling-behavior-behavior","         */","            onError(null, options);","        };","","        // run tests","        local.nop(local.modeTest &&","            document.querySelector('#testRunButton1') &&","            document.querySelector('#testRunButton1').click());","        break;","","","","    // run node js-env code - init-after","    /* istanbul ignore next */","    case 'node':","        local.testCase_buildApidoc_default = local.testCase_buildApidoc_default || function (","            options,","            onError","        ) {","        /*","         * this function will test buildApidoc's default handling-behavior-behavior","         */","            options = { modulePathList: module.paths };","            local.buildApidoc(options, onError);","        };","","        local.testCase_buildApp_default = local.testCase_buildApp_default || function (","            options,","            onError","        ) {","        /*","         * this function will test buildApp's default handling-behavior-behavior","         */","            local.testCase_buildReadme_default(options, local.onErrorThrow);","            local.testCase_buildLib_default(options, local.onErrorThrow);","            local.testCase_buildTest_default(options, local.onErrorThrow);","            local.testCase_buildCustomOrg_default(options, local.onErrorThrow);","            options = [];","            local.buildApp(options, onError);","        };","","        local.testCase_buildCustomOrg_default = local.testCase_buildCustomOrg_default ||","            function (options, onError) {","            /*","             * this function will test buildCustomOrg's default handling-behavior","             */","                options = {};","                local.buildCustomOrg(options, onError);","            };","","        local.testCase_buildLib_default = local.testCase_buildLib_default || function (","            options,","            onError","        ) {","        /*","         * this function will test buildLib's default handling-behavior","         */","            options = {};","            local.buildLib(options, onError);","        };","","        local.testCase_buildReadme_default = local.testCase_buildReadme_default || function (","            options,","            onError","        ) {","        /*","         * this function will test buildReadme's default handling-behavior-behavior","         */","            options = {};","            local.buildReadme(options, onError);","        };","","        local.testCase_buildTest_default = local.testCase_buildTest_default || function (","            options,","            onError","        ) {","        /*","         * this function will test buildTest's default handling-behavior","         */","            options = {};","            local.buildTest(options, onError);","        };","","        local.testCase_webpage_default = local.testCase_webpage_default || function (","            options,","            onError","        ) {","        /*","         * this function will test webpage's default handling-behavior","         */","            options = { modeCoverageMerge: true, url: local.serverLocalHost + '?modeTest=1' };","            local.browserTest(options, onError);","        };","","        // run test-server","        local.testRunServer(local);","        break;","    }","}());",""],"l":{"12":2,"14":2,"19":2,"21":2,"23":2,"24":2,"25":2,"30":1,"37":2,"40":2,"43":1,"47":1,"50":1,"52":1,"55":2,"61":2,"62":2,"64":2,"70":1,"76":1,"82":2,"83":2,"85":2,"91":1,"98":1,"102":1,"105":1,"112":1,"119":1,"120":1,"123":1,"130":1,"131":1,"132":1,"133":1,"134":1,"135":1,"138":1,"143":2,"144":2,"147":1,"154":2,"155":2,"158":1,"165":2,"166":2,"169":1,"176":2,"177":2,"180":1,"187":1,"188":1,"192":1,"193":1}},"/home/travis/build/npmtest/node-npmtest-bytewise/lib.npmtest_bytewise.js":{"path":"/home/travis/build/npmtest/node-npmtest-bytewise/lib.npmtest_bytewise.js","s":{"1":2,"2":2,"3":2,"4":2,"5":2,"6":2,"7":2,"8":1,"9":2,"10":2,"11":2,"12":2,"13":1,"14":1,"15":1,"16":1},"b":{"1":[2,1,1,1],"2":[1,1,1,1],"3":[1,1],"4":[2,2],"5":[1,1]},"f":{"1":2,"2":2,"3":2},"fnMap":{"1":{"name":"(anonymous_1)","line":12,"loc":{"start":{"line":12,"column":1},"end":{"line":12,"column":13}}},"2":{"name":"(anonymous_2)","line":19,"loc":{"start":{"line":19,"column":5},"end":{"line":19,"column":17}}},"3":{"name":"(anonymous_3)","line":23,"loc":{"start":{"line":23,"column":24},"end":{"line":23,"column":36}}}},"statementMap":{"1":{"start":{"line":12,"column":0},"end":{"line":53,"column":5}},"2":{"start":{"line":14,"column":4},"end":{"line":14,"column":14}},"3":{"start":{"line":19,"column":4},"end":{"line":52,"column":9}},"4":{"start":{"line":21,"column":8},"end":{"line":21,"column":19}},"5":{"start":{"line":23,"column":8},"end":{"line":35,"column":13}},"6":{"start":{"line":24,"column":12},"end":{"line":34,"column":13}},"7":{"start":{"line":25,"column":16},"end":{"line":28,"column":30}},"8":{"start":{"line":30,"column":16},"end":{"line":33,"column":27}},"9":{"start":{"line":37,"column":8},"end":{"line":39,"column":21}},"10":{"start":{"line":41,"column":8},"end":{"line":41,"column":54}},"11":{"start":{"line":43,"column":8},"end":{"line":43,"column":53}},"12":{"start":{"line":45,"column":8},"end":{"line":51,"column":9}},"13":{"start":{"line":46,"column":12},"end":{"line":46,"column":59}},"14":{"start":{"line":48,"column":12},"end":{"line":48,"column":35}},"15":{"start":{"line":49,"column":12},"end":{"line":49,"column":49}},"16":{"start":{"line":50,"column":12},"end":{"line":50,"column":43}}},"branchMap":{"1":{"line":25,"type":"binary-expr","locations":[{"start":{"line":25,"column":23},"end":{"line":25,"column":62}},{"start":{"line":26,"column":20},"end":{"line":26,"column":70}},{"start":{"line":27,"column":20},"end":{"line":27,"column":71}},{"start":{"line":28,"column":20},"end":{"line":28,"column":29}}]},"2":{"line":30,"type":"binary-expr","locations":[{"start":{"line":30,"column":23},"end":{"line":30,"column":37}},{"start":{"line":31,"column":20},"end":{"line":31,"column":61}},{"start":{"line":32,"column":20},"end":{"line":32,"column":70}},{"start":{"line":33,"column":20},"end":{"line":33,"column":26}}]},"3":{"line":37,"type":"cond-expr","locations":[{"start":{"line":38,"column":14},"end":{"line":38,"column":20}},{"start":{"line":39,"column":14},"end":{"line":39,"column":20}}]},"4":{"line":41,"type":"binary-expr","locations":[{"start":{"line":41,"column":16},"end":{"line":41,"column":44}},{"start":{"line":41,"column":48},"end":{"line":41,"column":53}}]},"5":{"line":45,"type":"if","locations":[{"start":{"line":45,"column":8},"end":{"line":45,"column":8}},{"start":{"line":45,"column":8},"end":{"line":45,"column":8}}]}},"code":["/* istanbul instrument in package npmtest_bytewise */","/*jslint","    bitwise: true,","    browser: true,","    maxerr: 8,","    maxlen: 96,","    node: true,","    nomen: true,","    regexp: true,","    stupid: true","*/","(function () {","    'use strict';","    var local;","","","","    // run shared js-env code - init-before","    (function () {","        // init local","        local = {};","        // init modeJs","        local.modeJs = (function () {","            try {","                return typeof navigator.userAgent === 'string' &&","                    typeof document.querySelector('body') === 'object' &&","                    typeof XMLHttpRequest.prototype.open === 'function' &&","                    'browser';","            } catch (errorCaughtBrowser) {","                return module.exports &&","                    typeof process.versions.node === 'string' &&","                    typeof require('http').createServer === 'function' &&","                    'node';","            }","        }());","        // init global","        local.global = local.modeJs === 'browser'","            ? window","            : global;","        // init utility2_rollup","        local = local.global.utility2_rollup || local;","        // init lib","        local.local = local.npmtest_bytewise = local;","        // init exports","        if (local.modeJs === 'browser') {","            local.global.utility2_npmtest_bytewise = local;","        } else {","            module.exports = local;","            module.exports.__dirname = __dirname;","            module.exports.module = module;","        }","    }());","}());",""],"l":{"12":2,"14":2,"19":2,"21":2,"23":2,"24":2,"25":2,"30":1,"37":2,"41":2,"43":2,"45":2,"46":1,"48":1,"49":1,"50":1}},"/home/travis/build/npmtest/node-npmtest-bytewise/example.js":{"path":"/home/travis/build/npmtest/node-npmtest-bytewise/example.js","s":{"1":2,"2":2,"3":2,"4":2,"5":2,"6":2,"7":2,"8":1,"9":2,"10":2,"11":2,"12":2,"13":1,"14":2,"15":2,"16":2,"17":2,"18":2,"19":0,"20":2,"21":1,"22":1,"23":1,"24":1,"25":1,"26":0,"27":0,"28":1,"29":1,"30":2,"31":0,"32":0,"33":0,"34":1,"35":2,"36":2,"37":3,"38":3,"39":3,"40":3,"41":0,"42":3,"43":3,"44":3,"45":1,"46":3,"47":1,"48":1,"49":1,"50":1,"51":1,"52":1,"53":1,"54":1,"55":1,"56":1,"57":0,"58":1,"59":6,"60":6,"61":1,"62":2,"63":0,"64":2,"65":1,"66":1,"67":0,"68":0,"69":0,"70":0,"71":0,"72":0,"73":0,"74":0,"75":0,"76":0,"77":0,"78":0,"79":0,"80":0,"81":0,"82":0,"83":0},"b":{"1":[2,1,1,1],"2":[1,1,1,1],"3":[1,1],"4":[2,2],"5":[1,1],"6":[1,1],"7":[2,0],"8":[2,1,1,1,1,1],"9":[0,2,0],"10":[1,1],"11":[2,1,1],"12":[1,0],"13":[0,2],"14":[2,0,0,0,0,0,0],"15":[0,3],"16":[3,0],"17":[1,1],"18":[0,1],"19":[1,2,0,2],"20":[1,0],"21":[1,1],"22":[0,0],"23":[0,0],"24":[0,0],"25":[0,0],"26":[0,0],"27":[0,0],"28":[0,0]},"f":{"1":2,"2":2,"3":2,"4":2,"5":2,"6":2,"7":3,"8":3,"9":3,"10":1,"11":6,"12":0},"fnMap":{"1":{"name":"(anonymous_1)","line":26,"loc":{"start":{"line":26,"column":1},"end":{"line":26,"column":13}}},"2":{"name":"(anonymous_2)","line":33,"loc":{"start":{"line":33,"column":5},"end":{"line":33,"column":17}}},"3":{"name":"(anonymous_3)","line":37,"loc":{"start":{"line":37,"column":24},"end":{"line":37,"column":36}}},"4":{"name":"(anonymous_4)","line":69,"loc":{"start":{"line":69,"column":31},"end":{"line":69,"column":48}},"skip":true},"5":{"name":"(anonymous_5)","line":78,"loc":{"start":{"line":78,"column":26},"end":{"line":78,"column":45}},"skip":true},"6":{"name":"(anonymous_6)","line":123,"loc":{"start":{"line":123,"column":33},"end":{"line":123,"column":48}},"skip":true},"7":{"name":"(anonymous_7)","line":125,"loc":{"start":{"line":125,"column":27},"end":{"line":125,"column":39}},"skip":true},"8":{"name":"(anonymous_8)","line":133,"loc":{"start":{"line":133,"column":59},"end":{"line":133,"column":74}},"skip":true},"9":{"name":"(anonymous_9)","line":143,"loc":{"start":{"line":143,"column":45},"end":{"line":143,"column":62}},"skip":true},"10":{"name":"(anonymous_10)","line":144,"loc":{"start":{"line":144,"column":73},"end":{"line":144,"column":92}},"skip":true},"11":{"name":"(anonymous_11)","line":272,"loc":{"start":{"line":272,"column":51},"end":{"line":272,"column":77}},"skip":true},"12":{"name":"(anonymous_12)","line":315,"loc":{"start":{"line":315,"column":32},"end":{"line":315,"column":61}},"skip":true}},"statementMap":{"1":{"start":{"line":26,"column":0},"end":{"line":326,"column":5}},"2":{"start":{"line":28,"column":4},"end":{"line":28,"column":14}},"3":{"start":{"line":33,"column":4},"end":{"line":60,"column":9}},"4":{"start":{"line":35,"column":8},"end":{"line":35,"column":19}},"5":{"start":{"line":37,"column":8},"end":{"line":49,"column":13}},"6":{"start":{"line":38,"column":12},"end":{"line":48,"column":13}},"7":{"start":{"line":39,"column":16},"end":{"line":42,"column":30}},"8":{"start":{"line":44,"column":16},"end":{"line":47,"column":27}},"9":{"start":{"line":51,"column":8},"end":{"line":53,"column":21}},"10":{"start":{"line":55,"column":8},"end":{"line":57,"column":45}},"11":{"start":{"line":59,"column":8},"end":{"line":59,"column":35}},"12":{"start":{"line":61,"column":4},"end":{"line":325,"column":5}},"13":{"start":{"line":69,"column":8},"end":{"line":121,"column":10},"skip":true},"14":{"start":{"line":70,"column":12},"end":{"line":88,"column":13},"skip":true},"15":{"start":{"line":76,"column":16},"end":{"line":87,"column":19},"skip":true},"16":{"start":{"line":79,"column":20},"end":{"line":86,"column":21},"skip":true},"17":{"start":{"line":82,"column":24},"end":{"line":82,"column":43},"skip":true},"18":{"start":{"line":83,"column":24},"end":{"line":83,"column":30},"skip":true},"19":{"start":{"line":85,"column":24},"end":{"line":85,"column":49},"skip":true},"20":{"start":{"line":89,"column":12},"end":{"line":107,"column":13},"skip":true},"21":{"start":{"line":92,"column":16},"end":{"line":102,"column":17},"skip":true},"22":{"start":{"line":93,"column":20},"end":{"line":93,"column":86},"skip":true},"23":{"start":{"line":94,"column":20},"end":{"line":95,"column":45},"skip":true},"24":{"start":{"line":96,"column":20},"end":{"line":96,"column":42},"skip":true},"25":{"start":{"line":97,"column":20},"end":{"line":97,"column":48},"skip":true},"26":{"start":{"line":100,"column":20},"end":{"line":100,"column":85},"skip":true},"27":{"start":{"line":101,"column":20},"end":{"line":101,"column":96},"skip":true},"28":{"start":{"line":103,"column":16},"end":{"line":103,"column":22},"skip":true},"29":{"start":{"line":106,"column":16},"end":{"line":106,"column":22},"skip":true},"30":{"start":{"line":108,"column":12},"end":{"line":120,"column":13},"skip":true},"31":{"start":{"line":114,"column":16},"end":{"line":119,"column":17},"skip":true},"32":{"start":{"line":116,"column":20},"end":{"line":116,"column":78},"skip":true},"33":{"start":{"line":118,"column":20},"end":{"line":118,"column":47},"skip":true},"34":{"start":{"line":123,"column":8},"end":{"line":141,"column":11},"skip":true},"35":{"start":{"line":124,"column":12},"end":{"line":124,"column":54},"skip":true},"36":{"start":{"line":125,"column":12},"end":{"line":140,"column":14},"skip":true},"37":{"start":{"line":126,"column":16},"end":{"line":126,"column":28},"skip":true},"38":{"start":{"line":127,"column":16},"end":{"line":127,"column":69},"skip":true},"39":{"start":{"line":128,"column":16},"end":{"line":128,"column":75},"skip":true},"40":{"start":{"line":129,"column":16},"end":{"line":131,"column":17},"skip":true},"41":{"start":{"line":130,"column":20},"end":{"line":130,"column":27},"skip":true},"42":{"start":{"line":133,"column":16},"end":{"line":137,"column":36},"skip":true},"43":{"start":{"line":134,"column":20},"end":{"line":136,"column":55},"skip":true},"44":{"start":{"line":139,"column":16},"end":{"line":139,"column":57},"skip":true},"45":{"start":{"line":143,"column":8},"end":{"line":147,"column":11},"skip":true},"46":{"start":{"line":144,"column":12},"end":{"line":146,"column":15},"skip":true},"47":{"start":{"line":145,"column":16},"end":{"line":145,"column":70},"skip":true},"48":{"start":{"line":149,"column":8},"end":{"line":149,"column":31},"skip":true},"49":{"start":{"line":150,"column":8},"end":{"line":150,"column":14},"skip":true},"50":{"start":{"line":158,"column":8},"end":{"line":158,"column":31},"skip":true},"51":{"start":{"line":160,"column":8},"end":{"line":160,"column":33},"skip":true},"52":{"start":{"line":161,"column":8},"end":{"line":161,"column":37},"skip":true},"53":{"start":{"line":162,"column":8},"end":{"line":162,"column":35},"skip":true},"54":{"start":{"line":164,"column":8},"end":{"line":164,"column":50},"skip":true},"55":{"start":{"line":166,"column":8},"end":{"line":256,"column":2},"skip":true},"56":{"start":{"line":258,"column":8},"end":{"line":286,"column":9},"skip":true},"57":{"start":{"line":259,"column":12},"end":{"line":269,"column":14},"skip":true},"58":{"start":{"line":271,"column":12},"end":{"line":285,"column":19},"skip":true},"59":{"start":{"line":274,"column":20},"end":{"line":274,"column":35},"skip":true},"60":{"start":{"line":275,"column":20},"end":{"line":284,"column":21},"skip":true},"61":{"start":{"line":277,"column":24},"end":{"line":277,"column":64},"skip":true},"62":{"start":{"line":279,"column":24},"end":{"line":279,"column":40},"skip":true},"63":{"start":{"line":281,"column":24},"end":{"line":281,"column":40},"skip":true},"64":{"start":{"line":283,"column":24},"end":{"line":283,"column":39},"skip":true},"65":{"start":{"line":288,"column":8},"end":{"line":290,"column":9},"skip":true},"66":{"start":{"line":289,"column":12},"end":{"line":289,"column":18},"skip":true},"67":{"start":{"line":291,"column":8},"end":{"line":293,"column":54},"skip":true},"68":{"start":{"line":296,"column":8},"end":{"line":301,"column":37},"skip":true},"69":{"start":{"line":303,"column":8},"end":{"line":303,"column":82},"skip":true},"70":{"start":{"line":306,"column":8},"end":{"line":308,"column":9},"skip":true},"71":{"start":{"line":307,"column":12},"end":{"line":307,"column":82},"skip":true},"72":{"start":{"line":310,"column":8},"end":{"line":312,"column":9},"skip":true},"73":{"start":{"line":311,"column":12},"end":{"line":311,"column":18},"skip":true},"74":{"start":{"line":313,"column":8},"end":{"line":313,"column":54},"skip":true},"75":{"start":{"line":314,"column":8},"end":{"line":314,"column":69},"skip":true},"76":{"start":{"line":315,"column":8},"end":{"line":323,"column":36},"skip":true},"77":{"start":{"line":316,"column":12},"end":{"line":316,"column":61},"skip":true},"78":{"start":{"line":317,"column":12},"end":{"line":320,"column":13},"skip":true},"79":{"start":{"line":318,"column":16},"end":{"line":318,"column":75},"skip":true},"80":{"start":{"line":319,"column":16},"end":{"line":319,"column":23},"skip":true},"81":{"start":{"line":321,"column":12},"end":{"line":321,"column":38},"skip":true},"82":{"start":{"line":322,"column":12},"end":{"line":322,"column":27},"skip":true},"83":{"start":{"line":324,"column":8},"end":{"line":324,"column":14},"skip":true}},"branchMap":{"1":{"line":39,"type":"binary-expr","locations":[{"start":{"line":39,"column":23},"end":{"line":39,"column":62}},{"start":{"line":40,"column":20},"end":{"line":40,"column":70}},{"start":{"line":41,"column":20},"end":{"line":41,"column":71}},{"start":{"line":42,"column":20},"end":{"line":42,"column":29}}]},"2":{"line":44,"type":"binary-expr","locations":[{"start":{"line":44,"column":23},"end":{"line":44,"column":37}},{"start":{"line":45,"column":20},"end":{"line":45,"column":61}},{"start":{"line":46,"column":20},"end":{"line":46,"column":70}},{"start":{"line":47,"column":20},"end":{"line":47,"column":26}}]},"3":{"line":51,"type":"cond-expr","locations":[{"start":{"line":52,"column":14},"end":{"line":52,"column":20}},{"start":{"line":53,"column":14},"end":{"line":53,"column":20}}]},"4":{"line":55,"type":"binary-expr","locations":[{"start":{"line":55,"column":16},"end":{"line":55,"column":44}},{"start":{"line":55,"column":49},"end":{"line":57,"column":43}}]},"5":{"line":55,"type":"cond-expr","locations":[{"start":{"line":56,"column":14},"end":{"line":56,"column":52}},{"start":{"line":57,"column":14},"end":{"line":57,"column":43}}]},"6":{"line":61,"type":"switch","locations":[{"start":{"line":68,"column":4},"end":{"line":150,"column":14},"skip":true},{"start":{"line":156,"column":4},"end":{"line":324,"column":14},"skip":true}]},"7":{"line":70,"type":"if","locations":[{"start":{"line":70,"column":12},"end":{"line":70,"column":12},"skip":true},{"start":{"line":70,"column":12},"end":{"line":70,"column":12},"skip":true}]},"8":{"line":70,"type":"binary-expr","locations":[{"start":{"line":70,"column":16},"end":{"line":70,"column":22},"skip":true},{"start":{"line":70,"column":27},"end":{"line":70,"column":32},"skip":true},{"start":{"line":71,"column":20},"end":{"line":71,"column":39},"skip":true},{"start":{"line":72,"column":20},"end":{"line":72,"column":49},"skip":true},{"start":{"line":73,"column":20},"end":{"line":73,"column":58},"skip":true},{"start":{"line":74,"column":20},"end":{"line":74,"column":69},"skip":true}]},"9":{"line":79,"type":"switch","locations":[{"start":{"line":80,"column":20},"end":{"line":80,"column":33},"skip":true},{"start":{"line":81,"column":20},"end":{"line":83,"column":30},"skip":true},{"start":{"line":84,"column":20},"end":{"line":85,"column":49},"skip":true}]},"10":{"line":89,"type":"switch","locations":[{"start":{"line":90,"column":12},"end":{"line":103,"column":22},"skip":true},{"start":{"line":105,"column":12},"end":{"line":106,"column":22},"skip":true}]},"11":{"line":89,"type":"binary-expr","locations":[{"start":{"line":89,"column":20},"end":{"line":89,"column":25},"skip":true},{"start":{"line":89,"column":29},"end":{"line":89,"column":48},"skip":true},{"start":{"line":89,"column":52},"end":{"line":89,"column":74},"skip":true}]},"12":{"line":92,"type":"if","locations":[{"start":{"line":92,"column":16},"end":{"line":92,"column":16},"skip":true},{"start":{"line":92,"column":16},"end":{"line":92,"column":16},"skip":true}]},"13":{"line":108,"type":"if","locations":[{"start":{"line":108,"column":12},"end":{"line":108,"column":12},"skip":true},{"start":{"line":108,"column":12},"end":{"line":108,"column":12},"skip":true}]},"14":{"line":108,"type":"binary-expr","locations":[{"start":{"line":108,"column":16},"end":{"line":108,"column":61},"skip":true},{"start":{"line":108,"column":66},"end":{"line":108,"column":72},"skip":true},{"start":{"line":108,"column":77},"end":{"line":108,"column":82},"skip":true},{"start":{"line":109,"column":20},"end":{"line":109,"column":39},"skip":true},{"start":{"line":110,"column":20},"end":{"line":110,"column":49},"skip":true},{"start":{"line":111,"column":20},"end":{"line":111,"column":58},"skip":true},{"start":{"line":112,"column":20},"end":{"line":112,"column":68},"skip":true}]},"15":{"line":129,"type":"if","locations":[{"start":{"line":129,"column":16},"end":{"line":129,"column":16},"skip":true},{"start":{"line":129,"column":16},"end":{"line":129,"column":16},"skip":true}]},"16":{"line":134,"type":"cond-expr","locations":[{"start":{"line":135,"column":26},"end":{"line":135,"column":29},"skip":true},{"start":{"line":136,"column":26},"end":{"line":136,"column":54},"skip":true}]},"17":{"line":164,"type":"binary-expr","locations":[{"start":{"line":164,"column":27},"end":{"line":164,"column":43},"skip":true},{"start":{"line":164,"column":47},"end":{"line":164,"column":49},"skip":true}]},"18":{"line":258,"type":"if","locations":[{"start":{"line":258,"column":8},"end":{"line":258,"column":8},"skip":true},{"start":{"line":258,"column":8},"end":{"line":258,"column":8},"skip":true}]},"19":{"line":275,"type":"switch","locations":[{"start":{"line":276,"column":20},"end":{"line":277,"column":64},"skip":true},{"start":{"line":278,"column":20},"end":{"line":279,"column":40},"skip":true},{"start":{"line":280,"column":20},"end":{"line":281,"column":40},"skip":true},{"start":{"line":282,"column":20},"end":{"line":283,"column":39},"skip":true}]},"20":{"line":288,"type":"if","locations":[{"start":{"line":288,"column":8},"end":{"line":288,"column":8},"skip":true},{"start":{"line":288,"column":8},"end":{"line":288,"column":8},"skip":true}]},"21":{"line":288,"type":"binary-expr","locations":[{"start":{"line":288,"column":12},"end":{"line":288,"column":40},"skip":true},{"start":{"line":288,"column":44},"end":{"line":288,"column":67},"skip":true}]},"22":{"line":292,"type":"binary-expr","locations":[{"start":{"line":292,"column":12},"end":{"line":292,"column":50},"skip":true},{"start":{"line":293,"column":12},"end":{"line":293,"column":53},"skip":true}]},"23":{"line":297,"type":"binary-expr","locations":[{"start":{"line":297,"column":12},"end":{"line":297,"column":66},"skip":true},{"start":{"line":298,"column":12},"end":{"line":301,"column":36},"skip":true}]},"24":{"line":303,"type":"binary-expr","locations":[{"start":{"line":303,"column":43},"end":{"line":303,"column":75},"skip":true},{"start":{"line":303,"column":79},"end":{"line":303,"column":81},"skip":true}]},"25":{"line":306,"type":"if","locations":[{"start":{"line":306,"column":8},"end":{"line":306,"column":8},"skip":true},{"start":{"line":306,"column":8},"end":{"line":306,"column":8},"skip":true}]},"26":{"line":310,"type":"if","locations":[{"start":{"line":310,"column":8},"end":{"line":310,"column":8},"skip":true},{"start":{"line":310,"column":8},"end":{"line":310,"column":8},"skip":true}]},"27":{"line":313,"type":"binary-expr","locations":[{"start":{"line":313,"column":27},"end":{"line":313,"column":43},"skip":true},{"start":{"line":313,"column":47},"end":{"line":313,"column":53},"skip":true}]},"28":{"line":317,"type":"if","locations":[{"start":{"line":317,"column":12},"end":{"line":317,"column":12},"skip":true},{"start":{"line":317,"column":12},"end":{"line":317,"column":12},"skip":true}]}},"code":["/*","example.js","","quickstart example","","instruction","    1. save this script as example.js","    2. run the shell command:","        $ npm install npmtest-bytewise && PORT=8081 node example.js","    3. play with the browser-demo on http://127.0.0.1:8081","*/","","","","/* istanbul instrument in package npmtest_bytewise */","/*jslint","    bitwise: true,","    browser: true,","    maxerr: 8,","    maxlen: 96,","    node: true,","    nomen: true,","    regexp: true,","    stupid: true","*/","(function () {","    'use strict';","    var local;","","","","    // run shared js-env code - init-before","    (function () {","        // init local","        local = {};","        // init modeJs","        local.modeJs = (function () {","            try {","                return typeof navigator.userAgent === 'string' &&","                    typeof document.querySelector('body') === 'object' &&","                    typeof XMLHttpRequest.prototype.open === 'function' &&","                    'browser';","            } catch (errorCaughtBrowser) {","                return module.exports &&","                    typeof process.versions.node === 'string' &&","                    typeof require('http').createServer === 'function' &&","                    'node';","            }","        }());","        // init global","        local.global = local.modeJs === 'browser'","            ? window","            : global;","        // init utility2_rollup","        local = local.global.utility2_rollup || (local.modeJs === 'browser'","            ? local.global.utility2_npmtest_bytewise","            : global.utility2_moduleExports);","        // export local","        local.global.local = local;","    }());","    switch (local.modeJs) {","","","","    // init-after","    // run browser js-env code - init-after","    /* istanbul ignore next */","    case 'browser':","        local.testRunBrowser = function (event) {","            if (!event || (event &&","                    event.currentTarget &&","                    event.currentTarget.className &&","                    event.currentTarget.className.includes &&","                    event.currentTarget.className.includes('onreset'))) {","                // reset output","                Array.from(","                    document.querySelectorAll('body > .resettable')","                ).forEach(function (element) {","                    switch (element.tagName) {","                    case 'INPUT':","                    case 'TEXTAREA':","                        element.value = '';","                        break;","                    default:","                        element.textContent = '';","                    }","                });","            }","            switch (event && event.currentTarget && event.currentTarget.id) {","            case 'testRunButton1':","                // show tests","                if (document.querySelector('#testReportDiv1').style.display === 'none') {","                    document.querySelector('#testReportDiv1').style.display = 'block';","                    document.querySelector('#testRunButton1').textContent =","                        'hide internal test';","                    local.modeTest = true;","                    local.testRunDefault(local);","                // hide tests","                } else {","                    document.querySelector('#testReportDiv1').style.display = 'none';","                    document.querySelector('#testRunButton1').textContent = 'run internal test';","                }","                break;","            // custom-case","            default:","                break;","            }","            if (document.querySelector('#inputTextareaEval1') && (!event || (event &&","                    event.currentTarget &&","                    event.currentTarget.className &&","                    event.currentTarget.className.includes &&","                    event.currentTarget.className.includes('oneval')))) {","                // try to eval input-code","                try {","                    /*jslint evil: true*/","                    eval(document.querySelector('#inputTextareaEval1').value);","                } catch (errorCaught) {","                    console.error(errorCaught);","                }","            }","        };","        // log stderr and stdout to #outputTextareaStdout1","        ['error', 'log'].forEach(function (key) {","            console[key + '_original'] = console[key];","            console[key] = function () {","                var element;","                console[key + '_original'].apply(console, arguments);","                element = document.querySelector('#outputTextareaStdout1');","                if (!element) {","                    return;","                }","                // append text to #outputTextareaStdout1","                element.value += Array.from(arguments).map(function (arg) {","                    return typeof arg === 'string'","                        ? arg","                        : JSON.stringify(arg, null, 4);","                }).join(' ') + '\\n';","                // scroll textarea to bottom","                element.scrollTop = element.scrollHeight;","            };","        });","        // init event-handling","        ['change', 'click', 'keyup'].forEach(function (event) {","            Array.from(document.querySelectorAll('.on' + event)).forEach(function (element) {","                element.addEventListener(event, local.testRunBrowser);","            });","        });","        // run tests","        local.testRunBrowser();","        break;","","","","    // run node js-env code - init-after","    /* istanbul ignore next */","    case 'node':","        // export local","        module.exports = local;","        // require modules","        local.fs = require('fs');","        local.http = require('http');","        local.url = require('url');","        // init assets","        local.assetsDict = local.assetsDict || {};","        /* jslint-ignore-begin */","        local.assetsDict['/assets.index.template.html'] = '\\","<!doctype html>\\n\\","<html lang=\"en\">\\n\\","<head>\\n\\","<meta charset=\"UTF-8\">\\n\\","<meta name=\"viewport\" content=\"width=device-width, initial-scale=1\">\\n\\","<title>{{env.npm_package_name}} (v{{env.npm_package_version}})</title>\\n\\","<style>\\n\\","/*csslint\\n\\","    box-sizing: false,\\n\\","    universal-selector: false\\n\\","*/\\n\\","* {\\n\\","    box-sizing: border-box;\\n\\","}\\n\\","body {\\n\\","    background: #dde;\\n\\","    font-family: Arial, Helvetica, sans-serif;\\n\\","    margin: 2rem;\\n\\","}\\n\\","body > * {\\n\\","    margin-bottom: 1rem;\\n\\","}\\n\\",".utility2FooterDiv {\\n\\","    margin-top: 20px;\\n\\","    text-align: center;\\n\\","}\\n\\","</style>\\n\\","<style>\\n\\","/*csslint\\n\\","*/\\n\\","textarea {\\n\\","    font-family: monospace;\\n\\","    height: 10rem;\\n\\","    width: 100%;\\n\\","}\\n\\","textarea[readonly] {\\n\\","    background: #ddd;\\n\\","}\\n\\","</style>\\n\\","</head>\\n\\","<body>\\n\\","<!-- utility2-comment\\n\\","<div id=\"ajaxProgressDiv1\" style=\"background: #d00; height: 2px; left: 0; margin: 0; padding: 0; position: fixed; top: 0; transition: background 0.5s, width 1.5s; width: 25%;\"></div>\\n\\","utility2-comment -->\\n\\","<h1>\\n\\","<!-- utility2-comment\\n\\","    <a\\n\\","        {{#if env.npm_package_homepage}}\\n\\","        href=\"{{env.npm_package_homepage}}\"\\n\\","        {{/if env.npm_package_homepage}}\\n\\","        target=\"_blank\"\\n\\","    >\\n\\","utility2-comment -->\\n\\","        {{env.npm_package_name}} (v{{env.npm_package_version}})\\n\\","<!-- utility2-comment\\n\\","    </a>\\n\\","utility2-comment -->\\n\\","</h1>\\n\\","<h3>{{env.npm_package_description}}</h3>\\n\\","<!-- utility2-comment\\n\\","<h4><a download href=\"assets.app.js\">download standalone app</a></h4>\\n\\","<button class=\"onclick onreset\" id=\"testRunButton1\">run internal test</button><br>\\n\\","<div id=\"testReportDiv1\" style=\"display: none;\"></div>\\n\\","utility2-comment -->\\n\\","\\n\\","\\n\\","\\n\\","<label>stderr and stdout</label>\\n\\","<textarea class=\"resettable\" id=\"outputTextareaStdout1\" readonly></textarea>\\n\\","<!-- utility2-comment\\n\\","{{#if isRollup}}\\n\\","<script src=\"assets.app.js\"></script>\\n\\","{{#unless isRollup}}\\n\\","utility2-comment -->\\n\\","<script src=\"assets.utility2.rollup.js\"></script>\\n\\","<script src=\"jsonp.utility2._stateInit?callback=window.utility2._stateInit\"></script>\\n\\","<script src=\"assets.npmtest_bytewise.rollup.js\"></script>\\n\\","<script src=\"assets.example.js\"></script>\\n\\","<script src=\"assets.test.js\"></script>\\n\\","<!-- utility2-comment\\n\\","{{/if isRollup}}\\n\\","utility2-comment -->\\n\\","<div class=\"utility2FooterDiv\">\\n\\","    [ this app was created with\\n\\","    <a href=\"https://github.com/kaizhu256/node-utility2\" target=\"_blank\">utility2</a>\\n\\","    ]\\n\\","</div>\\n\\","</body>\\n\\","</html>\\n\\","';","        /* jslint-ignore-end */","        if (local.templateRender) {","            local.assetsDict['/'] = local.templateRender(","                local.assetsDict['/assets.index.template.html'],","                {","                    env: local.objectSetDefault(local.env, {","                        npm_package_description: 'the greatest app in the world!',","                        npm_package_name: 'my-app',","                        npm_package_nameAlias: 'my_app',","                        npm_package_version: '0.0.1'","                    })","                }","            );","        } else {","            local.assetsDict['/'] = local.assetsDict['/assets.index.template.html']","                .replace((/\\{\\{env\\.(\\w+?)\\}\\}/g), function (match0, match1) {","                    // jslint-hack","                    String(match0);","                    switch (match1) {","                    case 'npm_package_description':","                        return 'the greatest app in the world!';","                    case 'npm_package_name':","                        return 'my-app';","                    case 'npm_package_nameAlias':","                        return 'my_app';","                    case 'npm_package_version':","                        return '0.0.1';","                    }","                });","        }","        // run the cli","        if (local.global.utility2_rollup || module !== require.main) {","            break;","        }","        local.assetsDict['/assets.example.js'] =","            local.assetsDict['/assets.example.js'] ||","            local.fs.readFileSync(__filename, 'utf8');","        // bug-workaround - long $npm_package_buildCustomOrg","        /* jslint-ignore-begin */","        local.assetsDict['/assets.npmtest_bytewise.rollup.js'] =","            local.assetsDict['/assets.npmtest_bytewise.rollup.js'] ||","            local.fs.readFileSync(","                local.npmtest_bytewise.__dirname + '/lib.npmtest_bytewise.js',","                'utf8'","            ).replace((/^#!/), '//');","        /* jslint-ignore-end */","        local.assetsDict['/favicon.ico'] = local.assetsDict['/favicon.ico'] || '';","        // if $npm_config_timeout_exit exists,","        // then exit this process after $npm_config_timeout_exit ms","        if (Number(process.env.npm_config_timeout_exit)) {","            setTimeout(process.exit, Number(process.env.npm_config_timeout_exit));","        }","        // start server","        if (local.global.utility2_serverHttp1) {","            break;","        }","        process.env.PORT = process.env.PORT || '8081';","        console.error('server starting on port ' + process.env.PORT);","        local.http.createServer(function (request, response) {","            request.urlParsed = local.url.parse(request.url);","            if (local.assetsDict[request.urlParsed.pathname] !== undefined) {","                response.end(local.assetsDict[request.urlParsed.pathname]);","                return;","            }","            response.statusCode = 404;","            response.end();","        }).listen(process.env.PORT);","        break;","    }","}());",""],"l":{"26":2,"28":2,"33":2,"35":2,"37":2,"38":2,"39":2,"44":1,"51":2,"55":2,"59":2,"61":2,"69":1,"70":2,"76":2,"79":2,"82":2,"83":2,"85":1,"89":2,"92":1,"93":1,"94":1,"96":1,"97":1,"100":1,"101":1,"103":1,"106":1,"108":2,"114":1,"116":1,"118":1,"123":1,"124":2,"125":2,"126":3,"127":3,"128":3,"129":3,"130":1,"133":3,"134":3,"139":3,"143":1,"144":3,"145":1,"149":1,"150":1,"158":1,"160":1,"161":1,"162":1,"164":1,"166":1,"258":1,"259":1,"271":1,"274":6,"275":6,"277":1,"279":2,"281":1,"283":2,"288":1,"289":1,"291":1,"296":1,"303":1,"306":1,"307":1,"310":1,"311":1,"313":1,"314":1,"315":1,"316":1,"317":1,"318":1,"319":1,"321":1,"322":1,"324":1}},"/home/travis/build/npmtest/node-npmtest-bytewise/node_modules/bytewise/index.js":{"path":"/home/travis/build/npmtest/node-npmtest-bytewise/node_modules/bytewise/index.js","s":{"1":1},"b":{},"f":{},"fnMap":{},"statementMap":{"1":{"start":{"line":2,"column":0},"end":{"line":2,"column":39}}},"branchMap":{},"code":["// TODO: initialize and export a standard bytewise encoding, add hex and binary","module.exports = require('./encoding/')",""],"l":{"2":1}},"/home/travis/build/npmtest/node-npmtest-bytewise/node_modules/bytewise/encoding/index.js":{"path":"/home/travis/build/npmtest/node-npmtest-bytewise/node_modules/bytewise/encoding/index.js","s":{"1":1},"b":{},"f":{},"fnMap":{},"statementMap":{"1":{"start":{"line":3,"column":0},"end":{"line":3,"column":36}}},"branchMap":{},"code":["// TODO: standard bytewise encoding constructor","// TODO: enhance binary encoding with optional hex helpers","module.exports = require('./binary')"],"l":{"3":1}},"/home/travis/build/npmtest/node-npmtest-bytewise/node_modules/bytewise/encoding/binary.js":{"path":"/home/travis/build/npmtest/node-npmtest-bytewise/node_modules/bytewise/encoding/binary.js","s":{"1":1,"2":1},"b":{},"f":{},"fnMap":{},"statementMap":{"1":{"start":{"line":2,"column":0},"end":{"line":2,"column":19}},"2":{"start":{"line":5,"column":0},"end":{"line":5,"column":41}}},"branchMap":{},"code":["// require typewise first to extend with core typewise functionality","require('typewise')","","// TODO: bytewise-binary encoding -- no hex parsing or toString hackery","module.exports = require('bytewise-core')",""],"l":{"2":1,"5":1}},"/home/travis/build/npmtest/node-npmtest-bytewise/node_modules/bytewise-core/index.js":{"path":"/home/travis/build/npmtest/node-npmtest-bytewise/node_modules/bytewise-core/index.js","s":{"1":1,"2":1,"3":1,"4":1,"5":1,"6":1,"7":1,"8":1,"9":1,"10":0,"11":0,"12":0,"13":0,"14":0,"15":0,"16":0,"17":0,"18":0,"19":1,"20":0,"21":0,"22":0,"23":0,"24":0,"25":0,"26":0,"27":0,"28":0,"29":0,"30":0,"31":0,"32":0,"33":0,"34":0,"35":0,"36":1,"37":0,"38":0,"39":0,"40":0,"41":0,"42":0,"43":0,"44":0,"45":0,"46":0,"47":0,"48":0,"49":0,"50":0,"51":1,"52":0,"53":0,"54":0,"55":1,"56":0,"57":0,"58":0,"59":0,"60":0,"61":1,"62":0,"63":0,"64":0,"65":1,"66":0,"67":1,"68":1,"69":0,"70":0,"71":0,"72":0,"73":0,"74":0,"75":1,"76":0,"77":0,"78":1,"79":0,"80":0,"81":0,"82":0,"83":0,"84":0,"85":0,"86":1,"87":1,"88":1},"b":{"1":[0,0],"2":[0,0],"3":[0,0,0],"4":[0,0],"5":[0,0],"6":[0,0],"7":[0,0],"8":[0,0],"9":[0,0],"10":[0,0],"11":[0,0],"12":[0,0],"13":[0,0,0],"14":[0,0],"15":[0,0],"16":[0,0],"17":[0,0],"18":[0,0],"19":[0,0],"20":[0,0],"21":[0,0]},"f":{"1":0,"2":0,"3":0,"4":0,"5":0,"6":0,"7":0,"8":0,"9":0,"10":0,"11":0},"fnMap":{"1":{"name":"serialize","line":18,"loc":{"start":{"line":18,"column":0},"end":{"line":18,"column":42}}},"2":{"name":"(anonymous_2)","line":36,"loc":{"start":{"line":36,"column":18},"end":{"line":36,"column":44}}},"3":{"name":"(anonymous_3)","line":75,"loc":{"start":{"line":75,"column":18},"end":{"line":75,"column":45}}},"4":{"name":"postEncode","line":106,"loc":{"start":{"line":106,"column":0},"end":{"line":106,"column":38}}},"5":{"name":"(anonymous_5)","line":116,"loc":{"start":{"line":116,"column":22},"end":{"line":116,"column":50}}},"6":{"name":"(anonymous_6)","line":120,"loc":{"start":{"line":120,"column":21},"end":{"line":120,"column":41}}},"7":{"name":"postDecode","line":130,"loc":{"start":{"line":130,"column":0},"end":{"line":130,"column":38}}},"8":{"name":"(anonymous_8)","line":140,"loc":{"start":{"line":140,"column":22},"end":{"line":140,"column":50}}},"9":{"name":"registerType","line":150,"loc":{"start":{"line":150,"column":0},"end":{"line":150,"column":28}}},"10":{"name":"registerTypes","line":161,"loc":{"start":{"line":161,"column":0},"end":{"line":161,"column":30}}},"11":{"name":"(anonymous_11)","line":170,"loc":{"start":{"line":170,"column":19},"end":{"line":170,"column":35}}}},"statementMap":{"1":{"start":{"line":1,"column":0},"end":{"line":1,"column":37}},"2":{"start":{"line":2,"column":0},"end":{"line":2,"column":28}},"3":{"start":{"line":3,"column":0},"end":{"line":3,"column":32}},"4":{"start":{"line":5,"column":0},"end":{"line":5,"column":22}},"5":{"start":{"line":10,"column":0},"end":{"line":10,"column":39}},"6":{"start":{"line":11,"column":0},"end":{"line":11,"column":27}},"7":{"start":{"line":12,"column":0},"end":{"line":12,"column":31}},"8":{"start":{"line":13,"column":0},"end":{"line":13,"column":27}},"9":{"start":{"line":18,"column":0},"end":{"line":31,"column":1}},"10":{"start":{"line":19,"column":2},"end":{"line":19,"column":24}},"11":{"start":{"line":20,"column":2},"end":{"line":21,"column":57}},"12":{"start":{"line":21,"column":4},"end":{"line":21,"column":57}},"13":{"start":{"line":23,"column":2},"end":{"line":23,"column":45}},"14":{"start":{"line":25,"column":2},"end":{"line":26,"column":33}},"15":{"start":{"line":26,"column":4},"end":{"line":26,"column":33}},"16":{"start":{"line":28,"column":2},"end":{"line":28,"column":75}},"17":{"start":{"line":29,"column":2},"end":{"line":29,"column":53}},"18":{"start":{"line":30,"column":2},"end":{"line":30,"column":58}},"19":{"start":{"line":36,"column":0},"end":{"line":70,"column":1}},"20":{"start":{"line":39,"column":2},"end":{"line":39,"column":48}},"21":{"start":{"line":42,"column":2},"end":{"line":42,"column":47}},"22":{"start":{"line":43,"column":2},"end":{"line":44,"column":44}},"23":{"start":{"line":44,"column":4},"end":{"line":44,"column":44}},"24":{"start":{"line":47,"column":2},"end":{"line":47,"column":24}},"25":{"start":{"line":48,"column":2},"end":{"line":48,"column":10}},"26":{"start":{"line":49,"column":2},"end":{"line":66,"column":3}},"27":{"start":{"line":50,"column":4},"end":{"line":50,"column":26}},"28":{"start":{"line":52,"column":4},"end":{"line":65,"column":5}},"29":{"start":{"line":56,"column":6},"end":{"line":56,"column":48}},"30":{"start":{"line":57,"column":6},"end":{"line":61,"column":7}},"31":{"start":{"line":58,"column":8},"end":{"line":58,"column":35}},"32":{"start":{"line":59,"column":8},"end":{"line":60,"column":52}},"33":{"start":{"line":60,"column":10},"end":{"line":60,"column":52}},"34":{"start":{"line":64,"column":6},"end":{"line":64,"column":45}},"35":{"start":{"line":69,"column":2},"end":{"line":69,"column":32}},"36":{"start":{"line":75,"column":0},"end":{"line":101,"column":1}},"37":{"start":{"line":77,"column":2},"end":{"line":79,"column":3}},"38":{"start":{"line":78,"column":4},"end":{"line":78,"column":48}},"39":{"start":{"line":81,"column":2},"end":{"line":81,"column":71}},"40":{"start":{"line":83,"column":2},"end":{"line":83,"column":22}},"41":{"start":{"line":84,"column":2},"end":{"line":84,"column":35}},"42":{"start":{"line":85,"column":2},"end":{"line":85,"column":45}},"43":{"start":{"line":88,"column":2},"end":{"line":88,"column":24}},"44":{"start":{"line":89,"column":2},"end":{"line":96,"column":3}},"45":{"start":{"line":90,"column":4},"end":{"line":90,"column":57}},"46":{"start":{"line":92,"column":4},"end":{"line":93,"column":39}},"47":{"start":{"line":93,"column":6},"end":{"line":93,"column":39}},"48":{"start":{"line":95,"column":4},"end":{"line":95,"column":39}},"49":{"start":{"line":99,"column":2},"end":{"line":99,"column":60}},"50":{"start":{"line":100,"column":2},"end":{"line":100,"column":40}},"51":{"start":{"line":106,"column":0},"end":{"line":111,"column":1}},"52":{"start":{"line":107,"column":2},"end":{"line":108,"column":18}},"53":{"start":{"line":108,"column":4},"end":{"line":108,"column":18}},"54":{"start":{"line":110,"column":2},"end":{"line":110,"column":46}},"55":{"start":{"line":116,"column":0},"end":{"line":128,"column":1}},"56":{"start":{"line":120,"column":2},"end":{"line":125,"column":3}},"57":{"start":{"line":121,"column":4},"end":{"line":122,"column":49}},"58":{"start":{"line":122,"column":6},"end":{"line":122,"column":49}},"59":{"start":{"line":124,"column":4},"end":{"line":124,"column":62}},"60":{"start":{"line":127,"column":2},"end":{"line":127,"column":16}},"61":{"start":{"line":130,"column":0},"end":{"line":135,"column":1}},"62":{"start":{"line":131,"column":2},"end":{"line":132,"column":18}},"63":{"start":{"line":132,"column":4},"end":{"line":132,"column":18}},"64":{"start":{"line":134,"column":2},"end":{"line":134,"column":46}},"65":{"start":{"line":140,"column":0},"end":{"line":142,"column":1}},"66":{"start":{"line":141,"column":2},"end":{"line":141,"column":16}},"67":{"start":{"line":148,"column":0},"end":{"line":148,"column":19}},"68":{"start":{"line":150,"column":0},"end":{"line":159,"column":1}},"69":{"start":{"line":151,"column":2},"end":{"line":151,"column":30}},"70":{"start":{"line":152,"column":2},"end":{"line":153,"column":10}},"71":{"start":{"line":153,"column":4},"end":{"line":153,"column":10}},"72":{"start":{"line":155,"column":2},"end":{"line":156,"column":78}},"73":{"start":{"line":156,"column":4},"end":{"line":156,"column":78}},"74":{"start":{"line":158,"column":2},"end":{"line":158,"column":35}},"75":{"start":{"line":161,"column":0},"end":{"line":165,"column":1}},"76":{"start":{"line":162,"column":2},"end":{"line":164,"column":3}},"77":{"start":{"line":163,"column":4},"end":{"line":163,"column":28}},"78":{"start":{"line":170,"column":0},"end":{"line":187,"column":1}},"79":{"start":{"line":173,"column":2},"end":{"line":184,"column":3}},"80":{"start":{"line":174,"column":4},"end":{"line":174,"column":24}},"81":{"start":{"line":177,"column":4},"end":{"line":177,"column":12}},"82":{"start":{"line":178,"column":4},"end":{"line":183,"column":5}},"83":{"start":{"line":179,"column":6},"end":{"line":179,"column":23}},"84":{"start":{"line":182,"column":6},"end":{"line":182,"column":65}},"85":{"start":{"line":186,"column":2},"end":{"line":186,"column":30}},"86":{"start":{"line":189,"column":0},"end":{"line":189,"column":22}},"87":{"start":{"line":190,"column":0},"end":{"line":190,"column":33}},"88":{"start":{"line":191,"column":0},"end":{"line":191,"column":31}}},"branchMap":{"1":{"line":20,"type":"if","locations":[{"start":{"line":20,"column":2},"end":{"line":20,"column":2}},{"start":{"line":20,"column":2},"end":{"line":20,"column":2}}]},"2":{"line":25,"type":"if","locations":[{"start":{"line":25,"column":2},"end":{"line":25,"column":2}},{"start":{"line":25,"column":2},"end":{"line":25,"column":2}}]},"3":{"line":25,"type":"binary-expr","locations":[{"start":{"line":25,"column":6},"end":{"line":25,"column":13}},{"start":{"line":25,"column":17},"end":{"line":25,"column":31}},{"start":{"line":25,"column":35},"end":{"line":25,"column":47}}]},"4":{"line":28,"type":"cond-expr","locations":[{"start":{"line":28,"column":49},"end":{"line":28,"column":65}},{"start":{"line":28,"column":69},"end":{"line":28,"column":75}}]},"5":{"line":43,"type":"if","locations":[{"start":{"line":43,"column":2},"end":{"line":43,"column":2}},{"start":{"line":43,"column":2},"end":{"line":43,"column":2}}]},"6":{"line":52,"type":"if","locations":[{"start":{"line":52,"column":4},"end":{"line":52,"column":4}},{"start":{"line":52,"column":4},"end":{"line":52,"column":4}}]},"7":{"line":56,"type":"binary-expr","locations":[{"start":{"line":56,"column":21},"end":{"line":56,"column":31}},{"start":{"line":56,"column":36},"end":{"line":56,"column":48}}]},"8":{"line":59,"type":"if","locations":[{"start":{"line":59,"column":8},"end":{"line":59,"column":8}},{"start":{"line":59,"column":8},"end":{"line":59,"column":8}}]},"9":{"line":77,"type":"if","locations":[{"start":{"line":77,"column":2},"end":{"line":77,"column":2}},{"start":{"line":77,"column":2},"end":{"line":77,"column":2}}]},"10":{"line":81,"type":"binary-expr","locations":[{"start":{"line":81,"column":9},"end":{"line":81,"column":16}},{"start":{"line":81,"column":20},"end":{"line":81,"column":39}}]},"11":{"line":89,"type":"if","locations":[{"start":{"line":89,"column":2},"end":{"line":89,"column":2}},{"start":{"line":89,"column":2},"end":{"line":89,"column":2}}]},"12":{"line":92,"type":"if","locations":[{"start":{"line":92,"column":4},"end":{"line":92,"column":4}},{"start":{"line":92,"column":4},"end":{"line":92,"column":4}}]},"13":{"line":92,"type":"binary-expr","locations":[{"start":{"line":92,"column":8},"end":{"line":92,"column":15}},{"start":{"line":92,"column":19},"end":{"line":92,"column":33}},{"start":{"line":92,"column":37},"end":{"line":92,"column":51}}]},"14":{"line":107,"type":"if","locations":[{"start":{"line":107,"column":2},"end":{"line":107,"column":2}},{"start":{"line":107,"column":2},"end":{"line":107,"column":2}}]},"15":{"line":121,"type":"if","locations":[{"start":{"line":121,"column":4},"end":{"line":121,"column":4}},{"start":{"line":121,"column":4},"end":{"line":121,"column":4}}]},"16":{"line":131,"type":"if","locations":[{"start":{"line":131,"column":2},"end":{"line":131,"column":2}},{"start":{"line":131,"column":2},"end":{"line":131,"column":2}}]},"17":{"line":151,"type":"binary-expr","locations":[{"start":{"line":151,"column":13},"end":{"line":151,"column":17}},{"start":{"line":151,"column":21},"end":{"line":151,"column":30}}]},"18":{"line":152,"type":"if","locations":[{"start":{"line":152,"column":2},"end":{"line":152,"column":2}},{"start":{"line":152,"column":2},"end":{"line":152,"column":2}}]},"19":{"line":155,"type":"if","locations":[{"start":{"line":155,"column":2},"end":{"line":155,"column":2}},{"start":{"line":155,"column":2},"end":{"line":155,"column":2}}]},"20":{"line":173,"type":"if","locations":[{"start":{"line":173,"column":2},"end":{"line":173,"column":2}},{"start":{"line":173,"column":2},"end":{"line":173,"column":2}}]},"21":{"line":182,"type":"cond-expr","locations":[{"start":{"line":182,"column":19},"end":{"line":182,"column":44}},{"start":{"line":182,"column":47},"end":{"line":182,"column":65}}]}},"code":["var assert = require('./util').assert","var base = require('./base')","var codecs = require('./codecs')","","var bytewise = exports","","//","// expose type information","//","var sorts = bytewise.sorts = base.sorts","bytewise.bound = base.bound","bytewise.compare = base.compare","bytewise.equal = base.equal","","//","// generate a buffer with type's byte prefix from source value","//","function serialize(type, source, options) {","  var codec = type.codec","  if (!codec)","    return postEncode(new Buffer([ type.byte ]), options)","","  var buffer = codec.encode(source, bytewise)","","  if (options && options.nested && codec.escape)","    buffer = codec.escape(buffer)","","  var hint = typeof codec.length === 'number' ? (codec.length + 1) : void 0 ","  var buffers = [ new Buffer([ type.byte ]), buffer ]","  return postEncode(Buffer.concat(buffers, hint), options)","}","","//","// core encode logic","//","bytewise.encode = function(source, options) {","","  // check for invalid/incomparable values","  assert(!base.invalid(source), 'Invalid value')","","  // encode bound types (ranges)","  var boundary = base.bound.getBoundary(source)","  if (boundary)","    return boundary.encode(source, bytewise)","","  // encode standard value-typed sorts","  var order = base.order","  var sort","  for (var i = 0, length = order.length; i < length; ++i) {","    sort = sorts[order[i]]","","    if (sort.is(source)) {","","      // loop over any subsorts defined on sort","      // TODO: clean up","      var subsorts = sort.sorts ||  { '': sort }","      for (key in subsorts) {","        var subsort = subsorts[key]","        if (subsort.is(source)) ","          return serialize(subsort, source, options)","      }","","      // source is an unsupported subsort","      assert(false, 'Unsupported sort value')","    }","  }","","  // no type descriptor found","  assert(false, 'Unknown value')","}","","//","// core decode logic","//","bytewise.decode = function (buffer, options) {","  // attempt to decode string input using configurable codec","  if (typeof buffer === 'string') {","    buffer = bytewise.stringCodec.encode(buffer)","  }","","  assert(!buffer || !buffer.undecodable, 'Encoded value not decodable')","","  var byte = buffer[0]","  var type = bytewise.getType(byte)","  assert(type, 'Invalid encoding: ' + buffer)","","  // if type provides a decoder it is passed the base type system as second arg","  var codec = type.codec","  if (codec) {","    var decoded = codec.decode(buffer.slice(1), bytewise)","","    if (options && options.nested && codec.unescape)","      decoded = codec.unescape(decoded)","","    return postDecode(decoded, options)","  }","","  // nullary types without a codec must provide a value for their decoded form","  assert('value' in type, 'Unsupported encoding: ' + buffer)","  return postDecode(type.value, options)","}","","//","// process top level","//","function postEncode(encoded, options) {","  if (options === null)","    return encoded","","  return bytewise.postEncode(encoded, options)","}","","//","// invoked after encoding with encoded buffer instance","//","bytewise.postEncode = function (encoded, options) {","","  // override buffer toString method to default to hex to help coercion issues","  // TODO: just return pure buffer, do this toString hackery in bytewise","  encoded.toString = function (encoding) {","    if (!encoding)","      return bytewise.stringCodec.decode(encoded)","","    return Buffer.prototype.toString.apply(encoded, arguments)","  }","","  return encoded","}","","function postDecode(decoded, options) {","  if (options === null)","    return decoded","","  return bytewise.postDecode(decoded, options)","}","","//","// invoked after decoding with decoded value","//","bytewise.postDecode = function (decoded, options) {","  return decoded","}","","","//","// registry mapping byte prefixes to type descriptors","//","var PREFIX_REGISTRY","","function registerType(type) {","  var byte = type && type.byte","  if (byte == null)","    return","","  if (byte in PREFIX_REGISTRY)","    assert.deepEqual(type, PREFIX_REGISTRY[byte], 'Duplicate prefix: ' + byte)","","  PREFIX_REGISTRY[type.byte] = type","}","","function registerTypes(types) {","  for (var key in types) {","    registerType(types[key])","  }","}","","//","// look up type descriptor associated with a given byte prefix","//","bytewise.getType = function (byte) {","","  // construct and memoize byte prefix registry on first run","  if (!PREFIX_REGISTRY) {","    PREFIX_REGISTRY = {}","","    // register sorts","    var sort","    for (var key in sorts) {","      sort = sorts[key]","","      // if sort has subsorts register these instead","      sort.sorts ? registerTypes(sort.sorts) : registerType(sort)","    }","  }","","  return PREFIX_REGISTRY[byte]","}","","bytewise.buffer = true","bytewise.stringCodec = codecs.HEX","bytewise.type = 'bytewise-core'","",""],"l":{"1":1,"2":1,"3":1,"5":1,"10":1,"11":1,"12":1,"13":1,"18":1,"19":0,"20":0,"21":0,"23":0,"25":0,"26":0,"28":0,"29":0,"30":0,"36":1,"39":0,"42":0,"43":0,"44":0,"47":0,"48":0,"49":0,"50":0,"52":0,"56":0,"57":0,"58":0,"59":0,"60":0,"64":0,"69":0,"75":1,"77":0,"78":0,"81":0,"83":0,"84":0,"85":0,"88":0,"89":0,"90":0,"92":0,"93":0,"95":0,"99":0,"100":0,"106":1,"107":0,"108":0,"110":0,"116":1,"120":0,"121":0,"122":0,"124":0,"127":0,"130":1,"131":0,"132":0,"134":0,"140":1,"141":0,"148":1,"150":1,"151":0,"152":0,"153":0,"155":0,"156":0,"158":0,"161":1,"162":0,"163":0,"170":1,"173":0,"174":0,"177":0,"178":0,"179":0,"182":0,"186":0,"189":1,"190":1,"191":1}},"/home/travis/build/npmtest/node-npmtest-bytewise/node_modules/bytewise-core/util.js":{"path":"/home/travis/build/npmtest/node-npmtest-bytewise/node_modules/bytewise-core/util.js","s":{"1":1,"2":1,"3":1,"4":0,"5":0,"6":0,"7":0,"8":0,"9":0,"10":0,"11":1,"12":0,"13":0,"14":1,"15":1,"16":0,"17":0,"18":0,"19":0,"20":1,"21":0,"22":0,"23":0,"24":0,"25":0,"26":0,"27":1,"28":0,"29":0,"30":0,"31":0,"32":0,"33":1,"34":1,"35":0,"36":0,"37":0,"38":0,"39":0,"40":0,"41":0,"42":0,"43":0,"44":1,"45":0,"46":0,"47":0,"48":0,"49":0,"50":0,"51":0,"52":0,"53":0,"54":1,"55":0,"56":1,"57":0,"58":1,"59":0,"60":0,"61":0,"62":0,"63":0,"64":0,"65":0,"66":0,"67":0,"68":0,"69":0,"70":0,"71":0,"72":0,"73":0,"74":0,"75":0,"76":1,"77":0,"78":0,"79":0,"80":1,"81":0,"82":0,"83":0,"84":0,"85":0,"86":1,"87":0,"88":0,"89":0,"90":0,"91":0,"92":1,"93":0,"94":0,"95":0,"96":0,"97":0,"98":0,"99":0,"100":0,"101":0,"102":0,"103":0,"104":0,"105":0,"106":0,"107":0,"108":0,"109":0,"110":0,"111":0,"112":0,"113":0,"114":0,"115":0,"116":0,"117":0,"118":0,"119":1,"120":0,"121":0,"122":0,"123":0,"124":0,"125":1,"126":0,"127":1,"128":0,"129":1,"130":0,"131":0,"132":0,"133":0,"134":0,"135":0,"136":0,"137":1,"138":0,"139":0},"b":{"1":[0,0],"2":[0,0],"3":[0,0],"4":[0,0],"5":[0,0],"6":[0,0],"7":[0,0],"8":[0,0],"9":[0,0],"10":[0,0],"11":[0,0],"12":[0,0],"13":[0,0,0],"14":[0,0],"15":[0,0],"16":[0,0],"17":[0,0],"18":[0,0],"19":[0,0],"20":[0,0],"21":[0,0],"22":[0,0],"23":[0,0],"24":[0,0],"25":[0,0],"26":[0,0],"27":[0,0],"28":[0,0],"29":[0,0],"30":[0,0],"31":[0,0],"32":[0,0],"33":[0,0],"34":[0,0],"35":[0,0],"36":[0,0]},"f":{"1":0,"2":0,"3":0,"4":0,"5":0,"6":0,"7":0,"8":0,"9":0,"10":0,"11":0,"12":0,"13":0,"14":0,"15":0,"16":0,"17":0,"18":0,"19":0,"20":0},"fnMap":{"1":{"name":"(anonymous_1)","line":11,"loc":{"start":{"line":11,"column":13},"end":{"line":11,"column":29}}},"2":{"name":"(anonymous_2)","line":24,"loc":{"start":{"line":24,"column":27},"end":{"line":24,"column":52}}},"3":{"name":"(anonymous_3)","line":31,"loc":{"start":{"line":31,"column":19},"end":{"line":31,"column":37}}},"4":{"name":"(anonymous_4)","line":40,"loc":{"start":{"line":40,"column":19},"end":{"line":40,"column":36}}},"5":{"name":"(anonymous_5)","line":57,"loc":{"start":{"line":57,"column":19},"end":{"line":57,"column":53}}},"6":{"name":"(anonymous_6)","line":72,"loc":{"start":{"line":72,"column":18},"end":{"line":72,"column":45}}},"7":{"name":"(anonymous_7)","line":102,"loc":{"start":{"line":102,"column":20},"end":{"line":102,"column":47}}},"8":{"name":"(anonymous_8)","line":131,"loc":{"start":{"line":131,"column":21},"end":{"line":131,"column":39}}},"9":{"name":"(anonymous_9)","line":135,"loc":{"start":{"line":135,"column":23},"end":{"line":135,"column":41}}},"10":{"name":"(anonymous_10)","line":139,"loc":{"start":{"line":139,"column":18},"end":{"line":139,"column":42}}},"11":{"name":"(anonymous_11)","line":182,"loc":{"start":{"line":182,"column":18},"end":{"line":182,"column":42}}},"12":{"name":"(anonymous_12)","line":189,"loc":{"start":{"line":189,"column":18},"end":{"line":189,"column":42}}},"13":{"name":"(anonymous_13)","line":194,"loc":{"start":{"line":194,"column":30},"end":{"line":194,"column":44}}},"14":{"name":"(anonymous_14)","line":201,"loc":{"start":{"line":201,"column":18},"end":{"line":201,"column":42}}},"15":{"name":"(anonymous_15)","line":215,"loc":{"start":{"line":215,"column":13},"end":{"line":215,"column":43}}},"16":{"name":"encodeBound","line":286,"loc":{"start":{"line":286,"column":0},"end":{"line":286,"column":33}}},"17":{"name":"(anonymous_17)","line":296,"loc":{"start":{"line":296,"column":19},"end":{"line":296,"column":41}}},"18":{"name":"(anonymous_18)","line":300,"loc":{"start":{"line":300,"column":23},"end":{"line":300,"column":45}}},"19":{"name":"(anonymous_19)","line":304,"loc":{"start":{"line":304,"column":23},"end":{"line":304,"column":45}}},"20":{"name":"(anonymous_20)","line":323,"loc":{"start":{"line":323,"column":20},"end":{"line":323,"column":44}}}},"statementMap":{"1":{"start":{"line":1,"column":0},"end":{"line":1,"column":18}},"2":{"start":{"line":6,"column":0},"end":{"line":6,"column":57}},"3":{"start":{"line":11,"column":0},"end":{"line":22,"column":1}},"4":{"start":{"line":12,"column":2},"end":{"line":13,"column":10}},"5":{"start":{"line":13,"column":4},"end":{"line":13,"column":10}},"6":{"start":{"line":15,"column":2},"end":{"line":16,"column":15}},"7":{"start":{"line":16,"column":4},"end":{"line":16,"column":15}},"8":{"start":{"line":18,"column":2},"end":{"line":19,"column":22}},"9":{"start":{"line":19,"column":4},"end":{"line":19,"column":22}},"10":{"start":{"line":21,"column":2},"end":{"line":21,"column":33}},"11":{"start":{"line":24,"column":0},"end":{"line":27,"column":1}},"12":{"start":{"line":25,"column":2},"end":{"line":26,"column":32}},"13":{"start":{"line":26,"column":4},"end":{"line":26,"column":32}},"14":{"start":{"line":29,"column":0},"end":{"line":29,"column":20}},"15":{"start":{"line":31,"column":0},"end":{"line":38,"column":1}},"16":{"start":{"line":32,"column":2},"end":{"line":32,"column":16}},"17":{"start":{"line":33,"column":2},"end":{"line":35,"column":3}},"18":{"start":{"line":34,"column":4},"end":{"line":34,"column":26}},"19":{"start":{"line":37,"column":2},"end":{"line":37,"column":26}},"20":{"start":{"line":40,"column":0},"end":{"line":55,"column":1}},"21":{"start":{"line":41,"column":2},"end":{"line":41,"column":39}},"22":{"start":{"line":42,"column":2},"end":{"line":48,"column":3}},"23":{"start":{"line":46,"column":4},"end":{"line":46,"column":45}},"24":{"start":{"line":47,"column":4},"end":{"line":47,"column":35}},"25":{"start":{"line":53,"column":2},"end":{"line":53,"column":47}},"26":{"start":{"line":54,"column":2},"end":{"line":54,"column":15}},"27":{"start":{"line":57,"column":0},"end":{"line":65,"column":1}},"28":{"start":{"line":58,"column":2},"end":{"line":58,"column":73}},"29":{"start":{"line":60,"column":2},"end":{"line":61,"column":37}},"30":{"start":{"line":61,"column":4},"end":{"line":61,"column":37}},"31":{"start":{"line":63,"column":2},"end":{"line":63,"column":36}},"32":{"start":{"line":64,"column":2},"end":{"line":64,"column":34}},"33":{"start":{"line":70,"column":0},"end":{"line":70,"column":24}},"34":{"start":{"line":72,"column":0},"end":{"line":100,"column":1}},"35":{"start":{"line":76,"column":2},"end":{"line":76,"column":19}},"36":{"start":{"line":77,"column":2},"end":{"line":97,"column":3}},"37":{"start":{"line":78,"column":4},"end":{"line":78,"column":17}},"38":{"start":{"line":83,"column":4},"end":{"line":96,"column":19}},"39":{"start":{"line":84,"column":6},"end":{"line":84,"column":29}},"40":{"start":{"line":89,"column":9},"end":{"line":96,"column":19}},"41":{"start":{"line":90,"column":6},"end":{"line":90,"column":29}},"42":{"start":{"line":96,"column":6},"end":{"line":96,"column":19}},"43":{"start":{"line":99,"column":2},"end":{"line":99,"column":26}},"44":{"start":{"line":102,"column":0},"end":{"line":129,"column":1}},"45":{"start":{"line":103,"column":2},"end":{"line":103,"column":19}},"46":{"start":{"line":107,"column":2},"end":{"line":127,"column":3}},"47":{"start":{"line":108,"column":4},"end":{"line":108,"column":17}},"48":{"start":{"line":113,"column":4},"end":{"line":126,"column":19}},"49":{"start":{"line":114,"column":6},"end":{"line":114,"column":33}},"50":{"start":{"line":119,"column":9},"end":{"line":126,"column":19}},"51":{"start":{"line":120,"column":6},"end":{"line":120,"column":33}},"52":{"start":{"line":126,"column":6},"end":{"line":126,"column":19}},"53":{"start":{"line":128,"column":2},"end":{"line":128,"column":26}},"54":{"start":{"line":131,"column":0},"end":{"line":133,"column":1}},"55":{"start":{"line":132,"column":2},"end":{"line":132,"column":49}},"56":{"start":{"line":135,"column":0},"end":{"line":137,"column":1}},"57":{"start":{"line":136,"column":2},"end":{"line":136,"column":51}},"58":{"start":{"line":139,"column":0},"end":{"line":180,"column":1}},"59":{"start":{"line":141,"column":2},"end":{"line":141,"column":18}},"60":{"start":{"line":142,"column":2},"end":{"line":142,"column":17}},"61":{"start":{"line":144,"column":2},"end":{"line":167,"column":3}},"62":{"start":{"line":145,"column":4},"end":{"line":145,"column":45}},"63":{"start":{"line":150,"column":4},"end":{"line":150,"column":53}},"64":{"start":{"line":151,"column":4},"end":{"line":154,"column":5}},"65":{"start":{"line":152,"column":6},"end":{"line":152,"column":26}},"66":{"start":{"line":153,"column":6},"end":{"line":153,"column":14}},"67":{"start":{"line":156,"column":4},"end":{"line":156,"column":38}},"68":{"start":{"line":157,"column":4},"end":{"line":157,"column":52}},"69":{"start":{"line":162,"column":4},"end":{"line":166,"column":26}},"70":{"start":{"line":163,"column":6},"end":{"line":163,"column":67}},"71":{"start":{"line":166,"column":6},"end":{"line":166,"column":26}},"72":{"start":{"line":172,"column":2},"end":{"line":172,"column":36}},"73":{"start":{"line":173,"column":2},"end":{"line":173,"column":33}},"74":{"start":{"line":178,"column":2},"end":{"line":178,"column":51}},"75":{"start":{"line":179,"column":2},"end":{"line":179,"column":15}},"76":{"start":{"line":182,"column":0},"end":{"line":187,"column":1}},"77":{"start":{"line":183,"column":2},"end":{"line":183,"column":39}},"78":{"start":{"line":185,"column":2},"end":{"line":185,"column":57}},"79":{"start":{"line":186,"column":2},"end":{"line":186,"column":18}},"80":{"start":{"line":189,"column":0},"end":{"line":199,"column":1}},"81":{"start":{"line":193,"column":2},"end":{"line":193,"column":15}},"82":{"start":{"line":194,"column":2},"end":{"line":197,"column":4}},"83":{"start":{"line":195,"column":4},"end":{"line":195,"column":18}},"84":{"start":{"line":196,"column":4},"end":{"line":196,"column":26}},"85":{"start":{"line":198,"column":2},"end":{"line":198,"column":36}},"86":{"start":{"line":201,"column":0},"end":{"line":210,"column":1}},"87":{"start":{"line":202,"column":2},"end":{"line":202,"column":42}},"88":{"start":{"line":203,"column":2},"end":{"line":203,"column":32}},"89":{"start":{"line":205,"column":2},"end":{"line":207,"column":3}},"90":{"start":{"line":206,"column":4},"end":{"line":206,"column":29}},"91":{"start":{"line":209,"column":2},"end":{"line":209,"column":13}},"92":{"start":{"line":215,"column":0},"end":{"line":281,"column":1}},"93":{"start":{"line":219,"column":2},"end":{"line":219,"column":32}},"94":{"start":{"line":220,"column":2},"end":{"line":220,"column":16}},"95":{"start":{"line":225,"column":2},"end":{"line":226,"column":62}},"96":{"start":{"line":226,"column":4},"end":{"line":226,"column":62}},"97":{"start":{"line":231,"column":2},"end":{"line":232,"colum
[...]
 end = source.length; i < end; ++i) {","    var buffer = base.encode(source[i], null)","","    //","    // bypass assertions for undecodable types (i.e. range bounds)","    //","    undecodable || (undecodable = buffer.undecodable)","    if (undecodable) {","      buffers.push(buffer)","      continue","    }","","    var sort = base.getType(buffer[0])","    assert(sort, 'List encoding failure: ' + buffer)","","    //","    // escape sorts if it requires it and add closing byte for element","    //","    if (sort.codec && sort.codec.escape)","      buffers.push(sort.codec.escape(buffer), new Buffer([ 0x00 ]))","","    else","      buffers.push(buffer)","  }","","  //","  // close the list with an end byte","  //","  buffers.push(new Buffer([ 0x00 ]))","  buffer = Buffer.concat(buffers)","","  //","  // propagate undecoable bit if set","  //","  undecodable && (buffer.undecodable = undecodable)","  return buffer","}","","util.decodeList = function (buffer, base) {","  var result = util.parse(buffer, base)","","  assert(result[1] === buffer.length, 'Invalid encoding')","  return result[0]","}","","util.encodeHash = function (source, base) {","  //","  // packs hash into an array, e.g. `[ k1, v1, k2, v2, ... ]`","  //","  var list = []","  Object.keys(source).forEach(function(key) {","    list.push(key)","    list.push(source[key])","  })","  return util.encodeList(list, base)","}","","util.decodeHash = function (buffer, base) {","  var list = util.decodeList(buffer, base)","  var hash = Object.create(null)","","  for (var i = 0, end = list.length; i < end; ++i) {","    hash[list[i]] = list[++i]","  }","","  return hash","}","","//","// base parser for nested/recursive sorts","//","util.parse = function (buffer, base, sort) {","  //","  // parses and returns the first sort on the buffer and total bytes consumed","  //","  var codec = sort && sort.codec","  var index, end","","  //","  // nullary","  //","  if (sort && !codec)","    return [ base.decode(new Buffer([ sort.byte ]), null), 0 ]","","  //","  // custom parse implementation provided by sort","  //","  if (codec && codec.parse)","    return codec.parse(buffer, base, sort)","","  //","  // fixed length sort, decode fixed bytes","  //","  var length = codec && codec.length","  if (typeof length === 'number')","    return [ codec.decode(buffer.slice(0, length)), length ]","","  //","  // escaped sort, seek to end byte and unescape","  //","  if (codec && codec.unescape) {","    for (index = 0, end = buffer.length; index < end; ++index) {","      if (buffer[index] === 0x00)","        break","    }","","    assert(index < buffer.length, 'No closing byte found for sequence')","    var unescaped = codec.unescape(buffer.slice(0, index))","","    //","    // add 1 to index to account for closing tag byte","    //","    return [ codec.decode(unescaped), index + 1 ]","  }","","  //","  // recursive sort, resolve each item iteratively","  //","  index = 0","  var list = []","  var next","  while ((next = buffer[index]) !== 0x00) {","    sort = base.getType(next)","    var result = util.parse(buffer.slice(index + 1), base, sort)","    list.push(result[0])","","    //","    // offset current index by bytes consumed (plus a byte for the sort tag)","    //","    index += result[1] + 1","    assert(index < buffer.length, 'No closing byte found for nested sequence')","  }","","  //","  // return parsed list and bytes consumed (plus a byte for the closing tag)","  //","  return [ list, index + 1 ]","}","","//","// helpers for encoding boundary types","//","function encodeBound(data, base) {","  var prefix = data.prefix","  var buffer = prefix ? base.encode(prefix, null) : new Buffer([ data.byte ])","","  if (data.upper)","    buffer = Buffer.concat([ buffer, new Buffer([ 0xff ]) ])","","  return util.encodedBound(data, buffer)","}","","util.encodeBound = function (data, base) {","  return util.encodedBound(data, encodeBound(data, base))","}","","util.encodeBaseBound = function (data, base) {","  return util.encodedBound(data, new Buffer([ data.upper ? 0xff : 0x00 ]))","}","","util.encodeListBound = function (data, base) {","  var buffer = encodeBound(data, base)","","  if (data.prefix) {","    //","    // trim off end byte if a prefix, and do some hackery if an upper bound","    //","    var endByte = buffer[buffer.length - 1]","    buffer = buffer.slice(0, -1)","    if (data.upper)","      buffer[buffer.length - 1] = endByte","  }","","  return util.encodedBound(data, buffer)","}","","//","// add some metadata to generated buffer instance","//","util.encodedBound = function (data, buffer) {","  buffer.undecodable = true","  return buffer","}",""],"l":{"1":1,"6":1,"11":1,"12":0,"13":0,"15":0,"16":0,"18":0,"19":0,"21":0,"24":1,"25":0,"26":0,"29":1,"31":1,"32":0,"33":0,"34":0,"37":0,"40":1,"41":0,"42":0,"46":0,"47":0,"53":0,"54":0,"57":1,"58":0,"60":0,"61":0,"63":0,"64":0,"70":1,"72":1,"76":0,"77":0,"78":0,"83":0,"84":0,"89":0,"90":0,"96":0,"99":0,"102":1,"103":0,"107":0,"108":0,"113":0,"114":0,"119":0,"120":0,"126":0,"128":0,"131":1,"132":0,"135":1,"136":0,"139":1,"141":0,"142":0,"144":0,"145":0,"150":0,"151":0,"152":0,"153":0,"156":0,"157":0,"162":0,"163":0,"166":0,"172":0,"173":0,"178":0,"179":0,"182":1,"183":0,"185":0,"186":0,"189":1,"193":0,"194":0,"195":0,"196":0,"198":0,"201":1,"202":0,"203":0,"205":0,"206":0,"209":0,"215":1,"219":0,"220":0,"225":0,"226":0,"231":0,"232":0,"237":0,"238":0,"239":0,"244":0,"245":0,"246":0,"247":0,"250":0,"251":0,"256":0,"262":0,"263":0,"264":0,"265":0,"266":0,"267":0,"268":0,"273":0,"274":0,"280":0,"286":1,"287":0,"288":0,"290":0,"291":0,"293":0,"296":1,"297":0,"300":1,"301":0,"304":1,"305":0,"307":0,"311":0,"312":0,"313":0,"314":0,"317":0,"323":1,"324":0,"325":0}},"/home/travis/build/npmtest/node-npmtest-bytewise/node_modules/bytewise-core/base.js":{"path":"/home/travis/build/npmtest/node-npmtest-bytewise/node_modules/bytewise-core/base.js","s":{"1":1,"2":1,"3":1,"4":1,"5":1,"6":1,"7":1,"8":1,"9":1,"10":1,"11":1,"12":1,"13":1,"14":1,"15":1,"16":1,"17":1,"18":1,"19":1,"20":1,"21":1,"22":1,"23":1,"24":1,"25":1,"26":1,"27":1,"28":1,"29":1,"30":1,"31":1,"32":1,"33":1,"34":1,"35":1,"36":1,"37":1,"38":1},"b":{},"f":{},"fnMap":{},"statementMap":{"1":{"start":{"line":1,"column":0},"end":{"line":1,"column":40}},"2":{"start":{"line":2,"column":0},"end":{"line":2,"column":32}},"3":{"start":{"line":3,"column":0},"end":{"line":3,"column":28}},"4":{"start":{"line":15,"column":0},"end":{"line":15,"column":40}},"5":{"start":{"line":20,"column":0},"end":{"line":20,"column":22}},"6":{"start":{"line":22,"column":0},"end":{"line":22,"column":22}},"7":{"start":{"line":24,"column":0},"end":{"line":24,"column":22}},"8":{"start":{"line":27,"column":0},"end":{"line":27,"column":27}},"9":{"start":{"line":28,"column":0},"end":{"line":28,"column":31}},"10":{"start":{"line":29,"column":0},"end":{"line":29,"column":30}},"11":{"start":{"line":30,"column":0},"end":{"line":30,"column":39}},"12":{"start":{"line":33,"column":0},"end":{"line":33,"column":25}},"13":{"start":{"line":34,"column":0},"end":{"line":34,"column":28}},"14":{"start":{"line":35,"column":0},"end":{"line":35,"column":33}},"15":{"start":{"line":36,"column":0},"end":{"line":36,"column":33}},"16":{"start":{"line":37,"column":0},"end":{"line":37,"column":28}},"17":{"start":{"line":38,"column":0},"end":{"line":38,"column":51}},"18":{"start":{"line":39,"column":0},"end":{"line":39,"column":51}},"19":{"start":{"line":40,"column":0},"end":{"line":40,"column":38}},"20":{"start":{"line":43,"column":0},"end":{"line":43,"column":21}},"21":{"start":{"line":44,"column":0},"end":{"line":44,"column":31}},"22":{"start":{"line":45,"column":0},"end":{"line":45,"column":31}},"23":{"start":{"line":46,"column":0},"end":{"line":46,"column":49}},"24":{"start":{"line":47,"column":0},"end":{"line":47,"column":50}},"25":{"start":{"line":48,"column":0},"end":{"line":48,"column":36}},"26":{"start":{"line":51,"column":0},"end":{"line":51,"column":25}},"27":{"start":{"line":52,"column":0},"end":{"line":52,"column":18}},"28":{"start":{"line":53,"column":0},"end":{"line":53,"column":27}},"29":{"start":{"line":54,"column":0},"end":{"line":54,"column":38}},"30":{"start":{"line":57,"column":0},"end":{"line":57,"column":25}},"31":{"start":{"line":58,"column":0},"end":{"line":58,"column":18}},"32":{"start":{"line":59,"column":0},"end":{"line":59,"column":26}},"33":{"start":{"line":60,"column":0},"end":{"line":60,"column":38}},"34":{"start":{"line":63,"column":0},"end":{"line":63,"column":23}},"35":{"start":{"line":64,"column":0},"end":{"line":64,"column":17}},"36":{"start":{"line":65,"column":0},"end":{"line":65,"column":25}},"37":{"start":{"line":66,"column":0},"end":{"line":66,"column":41}},"38":{"start":{"line":74,"column":0},"end":{"line":74,"column":21}}},"branchMap":{},"code":["var base = require('typewise-core/base')","var codecs = require('./codecs')","var util = require('./util')","","//","// extend core sorts defined by typewise with bytewise-specific functionality","//","","// byte represents byte tag prefix in encoded form, enforcing binary total order","// type tag is 1 byte, which gives us plenty of room to grow","","//","// boundary types","//","base.bound.encode = util.encodeBaseBound","","//","// value types","//","var sorts = base.sorts","","sorts.void.byte = 0xf0","","sorts.null.byte = 0x10","","","var BOOLEAN = sorts.boolean","BOOLEAN.sorts.false.byte = 0x20","BOOLEAN.sorts.true.byte = 0x21","BOOLEAN.bound.encode = util.encodeBound","","","var NUMBER = sorts.number","NUMBER.sorts.min.byte = 0x40","NUMBER.sorts.negative.byte = 0x41","NUMBER.sorts.positive.byte = 0x42","NUMBER.sorts.max.byte = 0x43","NUMBER.sorts.negative.codec = codecs.NEGATIVE_FLOAT","NUMBER.sorts.positive.codec = codecs.POSITIVE_FLOAT","NUMBER.bound.encode = util.encodeBound","","","var DATE = sorts.date","DATE.sorts.negative.byte = 0x51","DATE.sorts.positive.byte = 0x52","DATE.sorts.negative.codec = codecs.PRE_EPOCH_DATE","DATE.sorts.positive.codec = codecs.POST_EPOCH_DATE","DATE.bound.encode = util.encodeBound","","","var BINARY = sorts.binary","BINARY.byte = 0x60","BINARY.codec = codecs.UINT8","BINARY.bound.encode = util.encodeBound","","","var STRING = sorts.string","STRING.byte = 0x70","STRING.codec = codecs.UTF8","STRING.bound.encode = util.encodeBound","","","var ARRAY = sorts.array","ARRAY.byte = 0xa0","ARRAY.codec = codecs.LIST","ARRAY.bound.encode = util.encodeListBound","","","// var OBJECT = sorts.object","// OBJECT.byte = 0xb0","// OBJECT.codec = codecs.HASH","// OBJECT.bound.encode = util.encodeListBound","","module.exports = base",""],"l":{"1":1,"2":1,"3":1,"15":1,"20":1,"22":1,"24":1,"27":1,"28":1,"29":1,"30":1,"33":1,"34":1,"35":1,"36":1,"37":1,"38":1,"39":1,"40":1,"43":1,"44":1,"45":1,"46":1,"47":1,"48":1,"51":1,"52":1,"53":1,"54":1,"57":1,"58":1,"59":1,"60":1,"63":1,"64":1,"65":1,"66":1,"74":1}},"/home/travis/build/npmtest/node-npmtest-bytewise/node_modules/bytewise-core/codecs.js":{"path":"/home/travis/build/npmtest/node-npmtest-bytewise/node_modules/bytewise-core/codecs.js","s":{"1":1,"2":1,"3":1,"4":0,"5":1,"6":4,"7":0,"8":0,"9":0,"10":1,"11":4,"12":0,"13":1,"14":4,"15":0,"16":1,"17":4,"18":1,"19":1,"20":0,"21":0,"22":1,"23":1,"24":1,"25":0,"26":0,"27":1,"28":1,"29":1,"30":0,"31":1,"32":0,"33":1,"34":0,"35":1,"36":1,"37":1,"38":1},"b":{},"f":{"1":0,"2":4,"3":0,"4":4,"5":0,"6":4,"7":0,"8":4,"9":0,"10":0,"11":0,"12":0,"13":0,"14":0,"15":0},"fnMap":{"1":{"name":"identity","line":5,"loc":{"start":{"line":5,"column":0},"end":{"line":5,"column":25}}},"2":{"name":"shortlexEncode","line":9,"loc":{"start":{"line":9,"column":0},"end":{"line":9,"column":31}}},"3":{"name":"(anonymous_3)","line":10,"loc":{"start":{"line":10,"column":9},"end":{"line":10,"column":33}}},"4":{"name":"shortlexDecode","line":19,"loc":{"start":{"line":19,"column":0},"end":{"line":19,"column":31}}},"5":{"name":"(anonymous_5)","line":20,"loc":{"start":{"line":20,"column":9},"end":{"line":20,"column":27}}},"6":{"name":"shortlexParse","line":26,"loc":{"start":{"line":26,"column":0},"end":{"line":26,"column":30}}},"7":{"name":"(anonymous_7)","line":28,"loc":{"start":{"line":28,"column":9},"end":{"line":28,"column":33}}},"8":{"name":"shortlex","line":33,"loc":{"start":{"line":33,"column":0},"end":{"line":33,"column":25}}},"9":{"name":"(anonymous_9)","line":47,"loc":{"start":{"line":47,"column":10},"end":{"line":47,"column":28}}},"10":{"name":"(anonymous_10)","line":50,"loc":{"start":{"line":50,"column":10},"end":{"line":50,"column":28}}},"11":{"name":"(anonymous_11)","line":65,"loc":{"start":{"line":65,"column":10},"end":{"line":65,"column":28}}},"12":{"name":"(anonymous_12)","line":68,"loc":{"start":{"line":68,"column":10},"end":{"line":68,"column":28}}},"13":{"name":"(anonymous_13)","line":86,"loc":{"start":{"line":86,"column":10},"end":{"line":86,"column":28}}},"14":{"name":"(anonymous_14)","line":94,"loc":{"start":{"line":94,"column":10},"end":{"line":94,"column":28}}},"15":{"name":"(anonymous_15)","line":102,"loc":{"start":{"line":102,"column":10},"end":{"line":102,"column":28}}}},"statementMap":{"1":{"start":{"line":1,"column":0},"end":{"line":1,"column":28}},"2":{"start":{"line":3,"column":0},"end":{"line":3,"column":20}},"3":{"start":{"line":5,"column":0},"end":{"line":7,"column":1}},"4":{"start":{"line":6,"column":2},"end":{"line":6,"column":14}},"5":{"start":{"line":9,"column":0},"end":{"line":17,"column":1}},"6":{"start":{"line":10,"column":2},"end":{"line":16,"column":3}},"7":{"start":{"line":13,"column":4},"end":{"line":13,"column":48}},"8":{"start":{"line":14,"column":4},"end":{"line":14,"column":41}},"9":{"start":{"line":15,"column":4},"end":{"line":15,"column":42}},"10":{"start":{"line":19,"column":0},"end":{"line":24,"column":1}},"11":{"start":{"line":20,"column":2},"end":{"line":23,"column":3}},"12":{"start":{"line":22,"column":4},"end":{"line":22,"column":57}},"13":{"start":{"line":26,"column":0},"end":{"line":31,"column":1}},"14":{"start":{"line":28,"column":2},"end":{"line":30,"column":3}},"15":{"start":{"line":29,"column":4},"end":{"line":29,"column":26}},"16":{"start":{"line":33,"column":0},"end":{"line":39,"column":1}},"17":{"start":{"line":34,"column":2},"end":{"line":38,"column":3}},"18":{"start":{"line":44,"column":0},"end":{"line":44,"column":20}},"19":{"start":{"line":46,"column":0},"end":{"line":53,"column":1}},"20":{"start":{"line":48,"column":4},"end":{"line":48,"column":36}},"21":{"start":{"line":51,"column":4},"end":{"line":51,"column":33}},"22":{"start":{"line":55,"column":0},"end":{"line":60,"column":1}},"23":{"start":{"line":62,"column":0},"end":{"line":62,"column":46}},"24":{"start":{"line":64,"column":0},"end":{"line":73,"column":1}},"25":{"start":{"line":66,"column":4},"end":{"line":66,"column":37}},"26":{"start":{"line":69,"column":4},"end":{"line":69,"column":34}},"27":{"start":{"line":75,"column":0},"end":{"line":75,"column":44}},"28":{"start":{"line":77,"column":0},"end":{"line":81,"column":1}},"29":{"start":{"line":83,"column":0},"end":{"line":89,"column":1}},"30":{"start":{"line":87,"column":4},"end":{"line":87,"column":47}},"31":{"start":{"line":91,"column":0},"end":{"line":97,"column":1}},"32":{"start":{"line":95,"column":4},"end":{"line":95,"column":45}},"33":{"start":{"line":99,"column":0},"end":{"line":105,"column":1}},"34":{"start":{"line":103,"column":4},"end":{"line":103,"column":57}},"35":{"start":{"line":110,"column":0},"end":{"line":113,"column":1}},"36":{"start":{"line":115,"column":0},"end":{"line":115,"column":36}},"37":{"start":{"line":120,"column":0},"end":{"line":124,"column":1}},"38":{"start":{"line":126,"column":0},"end":{"line":126,"column":37}}},"branchMap":{},"code":["var util = require('./util')","","var FLOAT_LENGTH = 8","","function identity(value) {","  return value","}","","function shortlexEncode(codec) {","  return function (source, base) {","    // stupid lazy implementation","    // TODO: allow length getter to be provided","    var length = util.encodeFloat(source.length)","    var body = codec.encode(source, base)","    return Buffer.concat([ length, body ])","  }","}","","function shortlexDecode(codec) {","  return function (buffer) {","    // stupid lazy implementation","    return codec.decode(this, buffer.slice(FLOAT_LENGTH))","  }","}","","function shortlexParse(codec) {","  // TODO","  return function (buffer, base) {","    throw new Error('NYI')","  }","}","","function shortlex(codec) {","  return {","    encode: shortlexEncode(codec),","    decode: shortlexDecode(codec),","    parse: shortlexParse(codec)","  }","}","","//","// pairs of encode/decode functions","//","var codecs = exports","","codecs.HEX = {","  encode: function (source) {","    return new Buffer(source, 'hex')","  },","  decode: function (buffer) {","    return buffer.toString('hex')","  }","}","","codecs.UINT8 = {","  encode: identity,","  decode: identity,","  escape: util.escapeFlat,","  unescape: util.unescapeFlat","}","","codecs.UINT8_SHORTLEX = shortlex(codecs.UINT8)","","codecs.UTF8 = {","  encode: function (source) {","    return new Buffer(source, 'utf8')","  },","  decode: function (buffer) {","    return buffer.toString('utf8')","  },","  escape: util.escapeFlatLow,","  unescape: util.unescapeFlatLow","}","","codecs.UTF8_SHORTLEX = shortlex(codecs.UTF8)","","codecs.POSITIVE_FLOAT = {","  length: FLOAT_LENGTH,","  encode: util.encodeFloat,","  decode: util.decodeFloat","}","","codecs.NEGATIVE_FLOAT = {","  length: FLOAT_LENGTH,","  encode: util.encodeFloat,","  decode: function (buffer) {","    return util.decodeFloat(buffer, null, true)","  }","}","","codecs.POST_EPOCH_DATE = {","  length: FLOAT_LENGTH,","  encode: util.encodeFloat,","  decode: function (buffer) {","    return new Date(util.decodeFloat(buffer))","  }","}","","codecs.PRE_EPOCH_DATE = {","  length: FLOAT_LENGTH,","  encode: util.encodeFloat,","  decode: function (buffer) {","    return new Date(util.decodeFloat(buffer, null, true))","  }","}","","//","// base encoding for complex structures","//","codecs.LIST = {","  encode: util.encodeList,","  decode: util.decodeList","}","","codecs.TUPLE = shortlex(codecs.LIST)","","//","// member order is preserved and accounted for in sort (except for number keys)","//","codecs.HASH = {","  // TODO","  // encode: util.encodeHash,","  // decode: util.decodeHash","}","","codecs.RECORD = shortlex(codecs.HASH)",""],"l":{"1":1,"3":1,"5":1,"6":0,"9":1,"10":4,"13":0,"14":0,"15":0,"19":1,"20":4,"22":0,"26":1,"28":4,"29":0,"33":1,"34":4,"44":1,"46":1,"48":0,"51":0,"55":1,"62":1,"64":1,"66":0,"69":0,"75":1,"77":1,"83":1,"87":0,"91":1,"95":0,"99":1,"103":0,"110":1,"115":1,"120":1,"126":1}},"/home/travis/build/npmtest/node-npmtest-bytewise/node_modules/bytewise/encoding/hex.js":{"path":"/home/travis/build/npmtest/node-npmtest-bytewise/node_modules/bytewise/encoding/hex.js","s":{"1":1,"2":1,"3":0,"4":1,"5":0,"6":1,"7":1},"b":{},"f":{"1":0,"2":0},"fnMap":{"1":{"name":"(anonymous_1)","line":5,"loc":{"start":{"line":5,"column":17},"end":{"line":5,"column":35}}},"2":{"name":"(anonymous_2)","line":9,"loc":{"start":{"line":9,"column":17},"end":{"line":9,"column":35}}}},"statementMap":{"1":{"start":{"line":3,"column":0},"end":{"line":3,"column":30}},"2":{"start":{"line":5,"column":0},"end":{"line":7,"column":1}},"3":{"start":{"line":6,"column":2},"end":{"line":6,"column":44}},"4":{"start":{"line":9,"column":0},"end":{"line":11,"column":1}},"5":{"start":{"line":10,"column":2},"end":{"line":10,"column":44}},"6":{"start":{"line":13,"column":0},"end":{"line":13,"column":23}},"7":{"start":{"line":14,"column":0},"end":{"line":14,"column":30}}},"branchMap":{},"code":["// TODO: encoding class hierarchy","","var core = require('./binary')","","exports.encode = function (source) {","  return core.encode(source).toString('hex')","}","","exports.decode = function (buffer) {","  return core.decode(buffer.toString('hex'))","}","","exports.buffer = false;","exports.type = 'bytewise-hex';",""],"l":{"3":1,"5":1,"6":0,"9":1,"10":0,"13":1,"14":1}}}